<?xml version="1.0" encoding="utf-8"?>
<TestRun id="68fc1ae6-8d09-4835-a865-c06220dae75f" name="enes.colak@ARGEX 2026-06-02 15:22:43" runUser="artesis\enes.colak" xmlns="http://microsoft.com/schemas/VisualStudio/TeamTest/2010">
  <Times creation="2026-06-02T15:22:43.3502270+03:00" queuing="2026-06-02T15:22:43.3502270+03:00" start="2026-06-02T15:22:42.9199137+03:00" finish="2026-06-02T15:22:43.8783348+03:00" />
  <TestSettings name="default" id="50616ec2-2ad1-4a83-821d-6f28a3444539">
    <Deployment runDeploymentRoot="enes.colak_ARGEX_2026-06-02_15_22_43" />
  </TestSettings>
  <Results>
    <UnitTestResult executionId="1dc53aec-81e6-4659-94f5-15fd94f57107" testId="0d08b1b9-98f0-4da3-a0e4-7ed098a3e0ed" testName="CoreAlign.Application.Tests.Common.TurkishTaxIdValidatorTests.IsValidVkn_check_digit_matches_recomputed(prefix: &quot;123456789&quot;)" computerName="ARGEX" duration="00:00:00.0000034" startTime="2026-06-02T15:22:43.3444906+03:00" endTime="2026-06-02T15:22:43.3444906+03:00" testType="13cdc9d9-ddb5-4fa4-a97d-d965ccfc6d4b" outcome="Passed" testListId="8c84fa94-04c1-424b-9868-57a2d4851a1d" relativeResultsDirectory="1dc53aec-81e6-4659-94f5-15fd94f57107" />
    <UnitTestResult executionId="087bc961-1eea-42fe-9bfe-eb84e451c308" testId="1c62522c-8936-d8e5-7860-3d172fd5dadd" testName="CoreAlign.Application.Tests.GlassEnclosure.Convert.ConvertProjectToOrderTests.Copies_currency_and_fx_rate_snapshot_from_project_to_order" computerName="ARGEX" duration="00:00:00.0034976" startTime="2026-06-02T15:22:43.4553293+03:00" endTime="2026-06-02T15:22:43.4553293+03:00" testType="13cdc9d9-ddb5-4fa4-a97d-d965ccfc6d4b" outcome="Passed" testListId="8c84fa94-04c1-424b-9868-57a2d4851a1d" relativeResultsDirectory="087bc961-1eea-42fe-9bfe-eb84e451c308" />
    <UnitTestResult executionId="1227d293-2d95-4e95-b118-8078a1766828" testId="20982ecb-7a00-7c5e-fbc9-ea860568abce" testName="CoreAlign.Application.Tests.Invoices.CreateStandaloneInvoiceCommandHandlerTests.Throws_when_customer_missing" computerName="ARGEX" duration="00:00:00.0113900" startTime="2026-06-02T15:22:43.4884447+03:00" endTime="2026-06-02T15:22:43.4884448+03:00" testType="13cdc9d9-ddb5-4fa4-a97d-d965ccfc6d4b" outcome="Passed" testListId="8c84fa94-04c1-424b-9868-57a2d4851a1d" relativeResultsDirectory="1227d293-2d95-4e95-b118-8078a1766828" />
    <UnitTestResult executionId="f4cacbb8-3c5e-4018-9183-07bd557404c8" testId="92b1ff0c-17db-9663-0cb8-a9b5322672fb" testName="CoreAlign.Application.Tests.Tax.BuildKdv1ForPeriodCommandHandlerTests.Happy_path_creates_new_declaration_with_xml" computerName="ARGEX" duration="00:00:00.0028387" startTime="2026-06-02T15:22:43.4814792+03:00" endTime="2026-06-02T15:22:43.4814792+03:00" testType="13cdc9d9-ddb5-4fa4-a97d-d965ccfc6d4b" outcome="Passed" testListId="8c84fa94-04c1-424b-9868-57a2d4851a1d" relativeResultsDirectory="f4cacbb8-3c5e-4018-9183-07bd557404c8" />
    <UnitTestResult executionId="338c39a0-87a5-4a38-a435-edc5fdcf6b4b" testId="2aaf9cb3-933f-a356-73c2-54a8aedcd50f" testName="CoreAlign.Application.Tests.Orders.OrderScrapTests.Scrap_on_a_cancelled_order_throws" computerName="ARGEX" duration="00:00:00.0009119" startTime="2026-06-02T15:22:43.5050007+03:00" endTime="2026-06-02T15:22:43.5050008+03:00" testType="13cdc9d9-ddb5-4fa4-a97d-d965ccfc6d4b" outcome="Passed" testListId="8c84fa94-04c1-424b-9868-57a2d4851a1d" relativeResultsDirectory="338c39a0-87a5-4a38-a435-edc5fdcf6b4b" />
    <UnitTestResult executionId="91c45cc3-c6f1-4c92-b027-031fcffc9a35" testId="3080412a-7a4f-cca4-e753-27c9920cf010" testName="CoreAlign.Application.Tests.B2B.DealerPortalProfileHandlerTests.Profile_throws_when_dealer_account_is_missing" computerName="ARGEX" duration="00:00:00.0031933" startTime="2026-06-02T15:22:43.6082768+03:00" endTime="2026-06-02T15:22:43.6082769+03:00" testType="13cdc9d9-ddb5-4fa4-a97d-d965ccfc6d4b" outcome="Passed" testListId="8c84fa94-04c1-424b-9868-57a2d4851a1d" relativeResultsDirectory="91c45cc3-c6f1-4c92-b027-031fcffc9a35" />
    <UnitTestResult executionId="8c5200fc-6c75-41d8-806d-61b6a22f3f7e" testId="5e6d5415-8261-dbff-50a7-e7f3e2637868" testName="CoreAlign.Application.Tests.B2B.CreateDealerOrderHandlerTests.HappyPath_creates_order_with_dealer_origin_and_pending_approval" computerName="ARGEX" duration="00:00:00.0051445" startTime="2026-06-02T15:22:43.6165750+03:00" endTime="2026-06-02T15:22:43.6165751+03:00" testType="13cdc9d9-ddb5-4fa4-a97d-d965ccfc6d4b" outcome="Passed" testListId="8c84fa94-04c1-424b-9868-57a2d4851a1d" relativeResultsDirectory="8c5200fc-6c75-41d8-806d-61b6a22f3f7e" />
    <UnitTestResult executionId="a8f809b7-f1ad-42a4-a81c-08b7f8c4e9f1" testId="669c3add-0188-2a5f-5ecf-57cf76995139" testName="CoreAlign.Application.Tests.GlassEnclosure.FieldSurveyHandlerTests.Apply_rejects_when_status_not_approved_or_submitted" computerName="ARGEX" duration="00:00:00.0161149" startTime="2026-06-02T15:22:43.5631636+03:00" endTime="2026-06-02T15:22:43.5631636+03:00" testType="13cdc9d9-ddb5-4fa4-a97d-d965ccfc6d4b" outcome="Passed" testListId="8c84fa94-04c1-424b-9868-57a2d4851a1d" relativeResultsDirectory="a8f809b7-f1ad-42a4-a81c-08b7f8c4e9f1" />
    <UnitTestResult executionId="3bf00c84-f938-4cb4-ade1-d6c8b9f10dea" testId="3dd7b6e9-f8b2-ccb6-cac4-ddcfa71b0ffb" testName="CoreAlign.Application.Tests.CustomerPortal.InitiateInvoicePaymentHandlerTests.Uses_explicit_gateway_name_when_supplied" computerName="ARGEX" duration="00:00:00.0024689" startTime="2026-06-02T15:22:43.5798705+03:00" endTime="2026-06-02T15:22:43.5798706+03:00" testType="13cdc9d9-ddb5-4fa4-a97d-d965ccfc6d4b" outcome="Passed" testListId="8c84fa94-04c1-424b-9868-57a2d4851a1d" relativeResultsDirectory="3bf00c84-f938-4cb4-ade1-d6c8b9f10dea" />
    <UnitTestResult executionId="8b0e27cf-20a0-4ffb-b194-569cf80a6367" testId="0810ac31-2cc9-1ab5-8fa1-d7f789d8c917" testName="CoreAlign.Application.Tests.GlassEnclosure.Templates.ProjectTemplateServiceTests.ListAsync_with_functional_category_returns_only_functional_templates" computerName="ARGEX" duration="00:00:00.0370399" startTime="2026-06-02T15:22:43.6107027+03:00" endTime="2026-06-02T15:22:43.6107028+03:00" testType="13cdc9d9-ddb5-4fa4-a97d-d965ccfc6d4b" outcome="Passed" testListId="8c84fa94-04c1-424b-9868-57a2d4851a1d" relativeResultsDirectory="8b0e27cf-20a0-4ffb-b194-569cf80a6367" />
    <UnitTestResult executionId="11f91b05-0bb0-45e7-bbbf-01fba5c823e9" testId="23fb15c3-4376-4a82-74c8-6cf6c38cce83" testName="CoreAlign.Application.Tests.Billing.MockPaymentGatewayTests.CreateIntent_returns_pending_with_redirect" computerName="ARGEX" duration="00:00:00.0048763" startTime="2026-06-02T15:22:43.4751131+03:00" endTime="2026-06-02T15:22:43.4751132+03:00" testType="13cdc9d9-ddb5-4fa4-a97d-d965ccfc6d4b" outcome="Passed" testListId="8c84fa94-04c1-424b-9868-57a2d4851a1d" relativeResultsDirectory="11f91b05-0bb0-45e7-bbbf-01fba5c823e9" />
    <UnitTestResult executionId="9e95fbb7-e72f-439d-b946-5ab03a5caacc" testId="5298b564-5642-4db4-0fa3-96a99efdf1f7" testName="CoreAlign.Application.Tests.Pricing.PriceListItemHandlerTests.Add_allows_adjacent_non_overlapping_tier" computerName="ARGEX" duration="00:00:00.0111686" startTime="2026-06-02T15:22:43.5164356+03:00" endTime="2026-06-02T15:22:43.5164356+03:00" testType="13cdc9d9-ddb5-4fa4-a97d-d965ccfc6d4b" outcome="Passed" testListId="8c84fa94-04c1-424b-9868-57a2d4851a1d" relativeResultsDirectory="9e95fbb7-e72f-439d-b946-5ab03a5caacc" />
    <UnitTestResult executionId="a042a4c2-dacf-4a64-956e-731a8d0e1e39" testId="147fb1a1-885e-a528-8dd4-3e7c66e6c11a" testName="CoreAlign.Application.Tests.B2B.CreateCustomerDirectOrderHandlerTests.Unknown_product_throws" computerName="ARGEX" duration="00:00:00.0019312" startTime="2026-06-02T15:22:43.5099149+03:00" endTime="2026-06-02T15:22:43.5099150+03:00" testType="13cdc9d9-ddb5-4fa4-a97d-d965ccfc6d4b" outcome="Passed" testListId="8c84fa94-04c1-424b-9868-57a2d4851a1d" relativeResultsDirectory="a042a4c2-dacf-4a64-956e-731a8d0e1e39" />
    <UnitTestResult executionId="3d2c6222-e495-43c3-8474-45bbc88f32ec" testId="ad9ca310-62ab-775f-2e99-6a040ec79dcc" testName="CoreAlign.Application.Tests.Tax.BaBsXmlBuilderTests.Build_with_null_tax_number_emits_empty_vkn" computerName="ARGEX" duration="00:00:00.0003430" startTime="2026-06-02T15:22:43.5656743+03:00" endTime="2026-06-02T15:22:43.5656743+03:00" testType="13cdc9d9-ddb5-4fa4-a97d-d965ccfc6d4b" outcome="Passed" testListId="8c84fa94-04c1-424b-9868-57a2d4851a1d" relativeResultsDirectory="3d2c6222-e495-43c3-8474-45bbc88f32ec" />
    <UnitTestResult executionId="b08c72d5-6f19-43b8-adb6-70df61b41033" testId="6afe6eac-8234-d209-032b-47b3a9ce45c7" testName="CoreAlign.Application.Tests.Pricing.PriceListItemValidatorTests.Add_accepts_valid_command" computerName="ARGEX" duration="00:00:00.0003094" startTime="2026-06-02T15:22:43.5514964+03:00" endTime="2026-06-02T15:22:43.5514965+03:00" testType="13cdc9d9-ddb5-4fa4-a97d-d965ccfc6d4b" outcome="Passed" testListId="8c84fa94-04c1-424b-9868-57a2d4851a1d" relativeResultsDirectory="b08c72d5-6f19-43b8-adb6-70df61b41033" />
    <UnitTestResult executionId="ff862962-0697-4429-8b95-47c3dd057008" testId="c3a2007c-454e-dc6e-c1dc-10e5832023cd" testName="CoreAlign.Application.Tests.Billing.IyzicoCurrencyMapperTests.Unsupported_currencies_throw_PaymentGatewayException(code: &quot;JPY&quot;)" computerName="ARGEX" duration="00:00:00.0002005" startTime="2026-06-02T15:22:43.3450044+03:00" endTime="2026-06-02T15:22:43.3450045+03:00" testType="13cdc9d9-ddb5-4fa4-a97d-d965ccfc6d4b" outcome="Passed" testListId="8c84fa94-04c1-424b-9868-57a2d4851a1d" relativeResultsDirectory="ff862962-0697-4429-8b95-47c3dd057008" />
    <UnitTestResult executionId="4e195d1e-dc11-4cc4-b798-82ab0e2418d5" testId="f9a48919-5369-19d3-e9ea-575f0e7d0ab9" testName="CoreAlign.Application.Tests.Common.TurkishTaxIdValidatorTests.IsValidVkn_returns_false_for_invalid_vkn(vkn: &quot;123&quot;)" computerName="ARGEX" duration="00:00:00.0000015" startTime="2026-06-02T15:22:43.3430655+03:00" endTime="2026-06-02T15:22:43.3430655+03:00" testType="13cdc9d9-ddb5-4fa4-a97d-d965ccfc6d4b" outcome="Passed" testListId="8c84fa94-04c1-424b-9868-57a2d4851a1d" relativeResultsDirectory="4e195d1e-dc11-4cc4-b798-82ab0e2418d5" />
    <UnitTestResult executionId="0c212fcf-03b2-4b27-a37c-4643c1810219" testId="0e3a4b15-b09a-b5d5-021b-4636b674bcf2" testName="CoreAlign.Application.Tests.Products.ProductHandlerTests.Create_throws_on_duplicate_sku" computerName="ARGEX" duration="00:00:00.0018266" startTime="2026-06-02T15:22:43.6052327+03:00" endTime="2026-06-02T15:22:43.6052327+03:00" testType="13cdc9d9-ddb5-4fa4-a97d-d965ccfc6d4b" outcome="Passed" testListId="8c84fa94-04c1-424b-9868-57a2d4851a1d" relativeResultsDirectory="0c212fcf-03b2-4b27-a37c-4643c1810219" />
    <UnitTestResult executionId="7231240a-8c45-4899-bea6-05f085d1bdf6" testId="d52dbdae-a66c-8205-f224-ff76ede9a6e2" testName="CoreAlign.Application.Tests.B2B.CreateCustomerDirectOrderHandlerTests.Currency_mismatch_throws_CurrencyMismatchException" computerName="ARGEX" duration="00:00:00.0025649" startTime="2026-06-02T15:22:43.5125187+03:00" endTime="2026-06-02T15:22:43.5125188+03:00" testType="13cdc9d9-ddb5-4fa4-a97d-d965ccfc6d4b" outcome="Passed" testListId="8c84fa94-04c1-424b-9868-57a2d4851a1d" relativeResultsDirectory="7231240a-8c45-4899-bea6-05f085d1bdf6" />
    <UnitTestResult executionId="b53a7dbb-bd7e-4fe6-ba9b-c517ad6e0d94" testId="2d265c7f-fb2e-3f44-edef-ef870bff210d" testName="CoreAlign.Application.Tests.B2B.DealerPortalCommentsHandlerTests.Post_returns_404_for_an_order_not_owned_by_this_dealer" computerName="ARGEX" duration="00:00:00.0034818" startTime="2026-06-02T15:22:43.4588233+03:00" endTime="2026-06-02T15:22:43.4588234+03:00" testType="13cdc9d9-ddb5-4fa4-a97d-d965ccfc6d4b" outcome="Passed" testListId="8c84fa94-04c1-424b-9868-57a2d4851a1d" relativeResultsDirectory="b53a7dbb-bd7e-4fe6-ba9b-c517ad6e0d94" />
    <UnitTestResult executionId="46569c49-cf39-4397-8d3a-982f88d61af7" testId="cf35e7aa-e8ef-b266-e7ac-2c9437b2099f" testName="CoreAlign.Application.Tests.Persistence.EncryptedStringConverterTests.Roundtrip_returns_original_value" computerName="ARGEX" duration="00:00:00.0565156" startTime="2026-06-02T15:22:43.4689569+03:00" endTime="2026-06-02T15:22:43.4689569+03:00" testType="13cdc9d9-ddb5-4fa4-a97d-d965ccfc6d4b" outcome="Passed" testListId="8c84fa94-04c1-424b-9868-57a2d4851a1d" relativeResultsDirectory="46569c49-cf39-4397-8d3a-982f88d61af7" />
    <UnitTestResult executionId="ca21ff3e-178d-41a8-9d74-59cd767a67c5" testId="ef5ad3bc-d8a3-16e7-3137-787bdc5ce9c8" testName="CoreAlign.Application.Tests.Purchasing.ApplyVendorPaymentHandlerTests.Apply_blocks_when_payment_unapplied_is_insufficient" computerName="ARGEX" duration="00:00:00.0018608" startTime="2026-06-02T15:22:43.4810338+03:00" endTime="2026-06-02T15:22:43.4810339+03:00" testType="13cdc9d9-ddb5-4fa4-a97d-d965ccfc6d4b" outcome="Passed" testListId="8c84fa94-04c1-424b-9868-57a2d4851a1d" relativeResultsDirectory="ca21ff3e-178d-41a8-9d74-59cd767a67c5" />
    <UnitTestResult executionId="86157a69-9966-4e81-bfbb-573a557cb397" testId="10afd453-7b92-7d75-5deb-e7a200a49087" testName="CoreAlign.Application.Tests.Pricing.DiscountRuleTests.Create_throws_on_duplicate_code" computerName="ARGEX" duration="00:00:00.0033327" startTime="2026-06-02T15:22:43.5009394+03:00" endTime="2026-06-02T15:22:43.5009395+03:00" testType="13cdc9d9-ddb5-4fa4-a97d-d965ccfc6d4b" outcome="Passed" testListId="8c84fa94-04c1-424b-9868-57a2d4851a1d" relativeResultsDirectory="86157a69-9966-4e81-bfbb-573a557cb397" />
    <UnitTestResult executionId="77d53345-24dd-458b-a4dc-6ef2d4c227d4" testId="f5127730-c8fa-f68e-e73a-772ce3fe5ae4" testName="CoreAlign.Application.Tests.Auth.LoginCommandHandlerTests.UnverifiedEmail_AfterPasswordVerification_RevealsState" computerName="ARGEX" duration="00:00:00.0017156" startTime="2026-06-02T15:22:43.4566001+03:00" endTime="2026-06-02T15:22:43.4566002+03:00" testType="13cdc9d9-ddb5-4fa4-a97d-d965ccfc6d4b" outcome="Passed" testListId="8c84fa94-04c1-424b-9868-57a2d4851a1d" relativeResultsDirectory="77d53345-24dd-458b-a4dc-6ef2d4c227d4" />
    <UnitTestResult executionId="30e2c6d2-f1bd-4fcd-8172-67bfdbc71548" testId="e466ab8e-fcb3-476f-eb49-f8fd88e41b9b" testName="CoreAlign.Application.Tests.Auth.ResetPasswordCommandRevokesSessionsTests.Successful_reset_rotates_security_stamp" computerName="ARGEX" duration="00:00:00.0014120" startTime="2026-06-02T15:22:43.5595065+03:00" endTime="2026-06-02T15:22:43.5595066+03:00" testType="13cdc9d9-ddb5-4fa4-a97d-d965ccfc6d4b" outcome="Passed" testListId="8c84fa94-04c1-424b-9868-57a2d4851a1d" relativeResultsDirectory="30e2c6d2-f1bd-4fcd-8172-67bfdbc71548" />
    <UnitTestResult executionId="b594fcab-0dab-4e2e-ba53-0d6f689d3e72" testId="fa7bc8d4-b58e-95f5-d7b7-ff5fcf359458" testName="CoreAlign.Application.Tests.Returns.ReturnRequestStateMachineTests.Creation_on_order_in_draft_status_is_rejected" computerName="ARGEX" duration="00:00:00.0017705" startTime="2026-06-02T15:22:43.6027652+03:00" endTime="2026-06-02T15:22:43.6027653+03:00" testType="13cdc9d9-ddb5-4fa4-a97d-d965ccfc6d4b" outcome="Passed" testListId="8c84fa94-04c1-424b-9868-57a2d4851a1d" relativeResultsDirectory="b594fcab-0dab-4e2e-ba53-0d6f689d3e72" />
    <UnitTestResult executionId="b50f2843-2ebb-4957-86ba-d9c71f188906" testId="c9a33fd2-3778-68a0-675a-08ed94441d94" testName="CoreAlign.Application.Tests.Billing.CreateSubscriptionOrderCommandValidatorTests.Null_gateway_does_not_require_billing_info" computerName="ARGEX" duration="00:00:00.0010531" startTime="2026-06-02T15:22:43.5665505+03:00" endTime="2026-06-02T15:22:43.5665506+03:00" testType="13cdc9d9-ddb5-4fa4-a97d-d965ccfc6d4b" outcome="Passed" testListId="8c84fa94-04c1-424b-9868-57a2d4851a1d" relativeResultsDirectory="b50f2843-2ebb-4957-86ba-d9c71f188906" />
    <UnitTestResult executionId="d8ebd816-48f8-4508-b304-ef9c5b2e7d54" testId="fdb4a994-2df0-6687-1056-f12d201fe579" testName="CoreAlign.Application.Tests.Billing.IyzicoAmountFormattingTests.Formats_amounts_invariant_culture_with_two_decimals(input: &quot;99&quot;, expected: &quot;99.00&quot;)" computerName="ARGEX" duration="00:00:00.0000052" startTime="2026-06-02T15:22:43.4816601+03:00" endTime="2026-06-02T15:22:43.4816602+03:00" testType="13cdc9d9-ddb5-4fa4-a97d-d965ccfc6d4b" outcome="Passed" testListId="8c84fa94-04c1-424b-9868-57a2d4851a1d" relativeResultsDirectory="d8ebd816-48f8-4508-b304-ef9c5b2e7d54" />
    <UnitTestResult executionId="52db0e9d-a09a-4ffe-b202-ee50503eda64" testId="36864727-5ac6-9736-e076-0e4e5d9beb6b" testName="CoreAlign.Application.Tests.Billing.CreateSubscriptionOrderCommandValidatorTests.Iyzico_with_short_identity_fails(identity: &quot;1234&quot;)" computerName="ARGEX" duration="00:00:00.0007299" startTime="2026-06-02T15:22:43.5683875+03:00" endTime="2026-06-02T15:22:43.5683876+03:00" testType="13cdc9d9-ddb5-4fa4-a97d-d965ccfc6d4b" outcome="Passed" testListId="8c84fa94-04c1-424b-9868-57a2d4851a1d" relativeResultsDirectory="52db0e9d-a09a-4ffe-b202-ee50503eda64" />
    <UnitTestResult executionId="27e7919e-2cbc-4f6c-974e-411f32f2a69a" testId="69bec6ae-8296-a5e5-dc79-ecd3ee7cd047" testName="CoreAlign.Application.Tests.Auth.TwoFactorEnrollmentHandlerTests.Disable_with_correct_password_clears_state" computerName="ARGEX" duration="00:00:00.0029265" startTime="2026-06-02T15:22:43.4231615+03:00" endTime="2026-06-02T15:22:43.4231615+03:00" testType="13cdc9d9-ddb5-4fa4-a97d-d965ccfc6d4b" outcome="Passed" testListId="8c84fa94-04c1-424b-9868-57a2d4851a1d" relativeResultsDirectory="27e7919e-2cbc-4f6c-974e-411f32f2a69a" />
    <UnitTestResult executionId="ae2fd124-d88e-4c00-91c1-57225e952d68" testId="2c5c9577-4d3d-1cef-f4aa-bb4b8057b152" testName="CoreAlign.Application.Tests.Billing.IyzicoFormParserTests.Parses_token_field_from_callback_body" computerName="ARGEX" duration="00:00:00.0046458" startTime="2026-06-02T15:22:43.5670275+03:00" endTime="2026-06-02T15:22:43.5670276+03:00" testType="13cdc9d9-ddb5-4fa4-a97d-d965ccfc6d4b" outcome="Passed" testListId="8c84fa94-04c1-424b-9868-57a2d4851a1d" relativeResultsDirectory="ae2fd124-d88e-4c00-91c1-57225e952d68" />
    <UnitTestResult executionId="2fc06174-ff6b-47b5-b0bb-c787aa117fc3" testId="1a53594d-8731-fe69-57d2-cd62a410c2ad" testName="CoreAlign.Application.Tests.Invoices.MarkInvoicePaidCommandHandlerTests.Throws_when_already_paid" computerName="ARGEX" duration="00:00:00.0019685" startTime="2026-06-02T15:22:43.5391913+03:00" endTime="2026-06-02T15:22:43.5391914+03:00" testType="13cdc9d9-ddb5-4fa4-a97d-d965ccfc6d4b" outcome="Passed" testListId="8c84fa94-04c1-424b-9868-57a2d4851a1d" relativeResultsDirectory="2fc06174-ff6b-47b5-b0bb-c787aa117fc3" />
    <UnitTestResult executionId="feabf882-8144-4371-9432-2640193bb256" testId="19e244ad-3cec-30e9-e31f-8558b2cd3154" testName="CoreAlign.Application.Tests.Billing.CreateSubscriptionOrderCommandValidatorTests.Empty_items_fail" computerName="ARGEX" duration="00:00:00.0003193" startTime="2026-06-02T15:22:43.5687449+03:00" endTime="2026-06-02T15:22:43.5687450+03:00" testType="13cdc9d9-ddb5-4fa4-a97d-d965ccfc6d4b" outcome="Passed" testListId="8c84fa94-04c1-424b-9868-57a2d4851a1d" relativeResultsDirectory="feabf882-8144-4371-9432-2640193bb256" />
    <UnitTestResult executionId="23f065f1-1160-4cb2-9541-ca4a40f31b0a" testId="85bf90e2-9a21-2fc0-2912-afd0a6cca066" testName="CoreAlign.Application.Tests.Accounting.GLPostingServiceTests.Posts_a_balanced_posted_entry_when_all_accounts_resolve" computerName="ARGEX" duration="00:00:00.0020695" startTime="2026-06-02T15:22:43.6117395+03:00" endTime="2026-06-02T15:22:43.6117396+03:00" testType="13cdc9d9-ddb5-4fa4-a97d-d965ccfc6d4b" outcome="Passed" testListId="8c84fa94-04c1-424b-9868-57a2d4851a1d" relativeResultsDirectory="23f065f1-1160-4cb2-9541-ca4a40f31b0a" />
    <UnitTestResult executionId="8c5f6f65-9fee-431c-b9f4-aee78a1b157f" testId="bdd3ab27-cc82-3f32-c751-7c8eb5915329" testName="CoreAlign.Application.Tests.CustomerPortal.PortalProfileHandlerTests.RevokeAllSessions_revokes_sessions_and_refresh_tokens" computerName="ARGEX" duration="00:00:00.0037849" startTime="2026-06-02T15:22:43.5603477+03:00" endTime="2026-06-02T15:22:43.5603478+03:00" testType="13cdc9d9-ddb5-4fa4-a97d-d965ccfc6d4b" outcome="Passed" testListId="8c84fa94-04c1-424b-9868-57a2d4851a1d" relativeResultsDirectory="8c5f6f65-9fee-431c-b9f4-aee78a1b157f" />
    <UnitTestResult executionId="9739d7cf-d4c4-46db-9226-1517cc1b73ce" testId="d30680bf-5f38-87e2-fbb0-62cc00b24f49" testName="CoreAlign.Application.Tests.Consents.CaptureConsentHandlerTests.Given_false_marks_consent_as_withdrawn_immediately" computerName="ARGEX" duration="00:00:00.0006872" startTime="2026-06-02T15:22:43.4176000+03:00" endTime="2026-06-02T15:22:43.4176001+03:00" testType="13cdc9d9-ddb5-4fa4-a97d-d965ccfc6d4b" outcome="Passed" testListId="8c84fa94-04c1-424b-9868-57a2d4851a1d" relativeResultsDirectory="9739d7cf-d4c4-46db-9226-1517cc1b73ce" />
    <UnitTestResult executionId="75dbe63f-63b4-4585-8768-c3a5f1d2efe8" testId="ccebd73b-a1a4-caf2-c20e-7e0978196380" testName="CoreAlign.Application.Tests.GlassEnclosure.Bom.BomComposerProductLinkTests.ComposeAsync_invokes_catalog_product_linker_for_glass_panel" computerName="ARGEX" duration="00:00:00.0034914" startTime="2026-06-02T15:22:43.6326198+03:00" endTime="2026-06-02T15:22:43.6326200+03:00" testType="13cdc9d9-ddb5-4fa4-a97d-d965ccfc6d4b" outcome="Passed" testListId="8c84fa94-04c1-424b-9868-57a2d4851a1d" relativeResultsDirectory="75dbe63f-63b4-4585-8768-c3a5f1d2efe8" />
    <UnitTestResult executionId="dec74f01-6749-42cc-a08e-cae1e3bdfcca" testId="f53f5c27-05cb-6b88-4952-8a778622fd0f" testName="CoreAlign.Application.Tests.Billing.IyzicoAmountFormattingTests.Formats_amounts_invariant_culture_with_two_decimals(input: &quot;0&quot;, expected: &quot;0.00&quot;)" computerName="ARGEX" duration="00:00:00.0000014" startTime="2026-06-02T15:22:43.4817001+03:00" endTime="2026-06-02T15:22:43.4817002+03:00" testType="13cdc9d9-ddb5-4fa4-a97d-d965ccfc6d4b" outcome="Passed" testListId="8c84fa94-04c1-424b-9868-57a2d4851a1d" relativeResultsDirectory="dec74f01-6749-42cc-a08e-cae1e3bdfcca" />
    <UnitTestResult executionId="89d6b19c-a5c1-4244-a049-c2e2987fc5a9" testId="e710a5ba-91c1-9d09-108f-01c013bf065a" testName="CoreAlign.Application.Tests.Billing.BillingMapperTests.MaskIdentity_returns_first_five_then_asterisks(input: &quot;12345678901&quot;, expected: &quot;12345******&quot;)" computerName="ARGEX" duration="00:00:00.0000027" startTime="2026-06-02T15:22:43.5163936+03:00" endTime="2026-06-02T15:22:43.5163937+03:00" testType="13cdc9d9-ddb5-4fa4-a97d-d965ccfc6d4b" outcome="Passed" testListId="8c84fa94-04c1-424b-9868-57a2d4851a1d" relativeResultsDirectory="89d6b19c-a5c1-4244-a049-c2e2987fc5a9" />
    <UnitTestResult executionId="755dd33a-aba1-4d44-817d-2b10a3eecf4b" testId="6dcda173-af07-e753-9ab0-68f514290824" testName="CoreAlign.Application.Tests.Billing.MockPaymentGatewayTests.HandleWebhook_approve_action_is_succeeded" computerName="ARGEX" duration="00:00:00.0058533" startTime="2026-06-02T15:22:43.4670359+03:00" endTime="2026-06-02T15:22:43.4670360+03:00" testType="13cdc9d9-ddb5-4fa4-a97d-d965ccfc6d4b" outcome="Passed" testListId="8c84fa94-04c1-424b-9868-57a2d4851a1d" relativeResultsDirectory="755dd33a-aba1-4d44-817d-2b10a3eecf4b" />
    <UnitTestResult executionId="91a36034-c756-4838-a715-6cb71b4acd1c" testId="3568725c-343d-c9eb-bf68-9944e5f84ced" testName="CoreAlign.Application.Tests.Billing.RequireModuleAttributeTests.Allows_when_module_active" computerName="ARGEX" duration="00:00:00.0011494" startTime="2026-06-02T15:22:43.5304387+03:00" endTime="2026-06-02T15:22:43.5304388+03:00" testType="13cdc9d9-ddb5-4fa4-a97d-d965ccfc6d4b" outcome="Passed" testListId="8c84fa94-04c1-424b-9868-57a2d4851a1d" relativeResultsDirectory="91a36034-c756-4838-a715-6cb71b4acd1c" />
    <UnitTestResult executionId="5a38a18f-3d30-47a2-b299-3553df080644" testId="6f29e2c0-fb8e-1610-bfd7-ca952a2e0e57" testName="CoreAlign.Application.Tests.Billing.IyzicoOptionsValidationTests.Http_timeout_out_of_range_fails(seconds: 601)" computerName="ARGEX" duration="00:00:00.0053235" startTime="2026-06-02T15:22:43.6131341+03:00" endTime="2026-06-02T15:22:43.6131342+03:00" testType="13cdc9d9-ddb5-4fa4-a97d-d965ccfc6d4b" outcome="Passed" testListId="8c84fa94-04c1-424b-9868-57a2d4851a1d" relativeResultsDirectory="5a38a18f-3d30-47a2-b299-3553df080644" />
    <UnitTestResult executionId="0d627a0f-f268-4fb8-ab07-63aa3534afef" testId="0adb0edd-b95a-a9ed-ebac-ca3529ea478b" testName="CoreAlign.Application.Tests.Billing.IyzicoSignatureVerifierTests.Missing_credentials_returns_false" computerName="ARGEX" duration="00:00:00.0002295" startTime="2026-06-02T15:22:43.5337180+03:00" endTime="2026-06-02T15:22:43.5337181+03:00" testType="13cdc9d9-ddb5-4fa4-a97d-d965ccfc6d4b" outcome="Passed" testListId="8c84fa94-04c1-424b-9868-57a2d4851a1d" relativeResultsDirectory="0d627a0f-f268-4fb8-ab07-63aa3534afef" />
    <UnitTestResult executionId="3f6580a8-3113-454f-a373-ef6167115b6e" testId="a0c6fb03-690e-4f23-66c6-0d7a6932ec5e" testName="CoreAlign.Application.Tests.Documents.InvoiceDocumentModelMapperTests.Computes_totals_consistent_with_invoice_aggregate" computerName="ARGEX" duration="00:00:00.0008307" startTime="2026-06-02T15:22:43.5006717+03:00" endTime="2026-06-02T15:22:43.5006718+03:00" testType="13cdc9d9-ddb5-4fa4-a97d-d965ccfc6d4b" outcome="Passed" testListId="8c84fa94-04c1-424b-9868-57a2d4851a1d" relativeResultsDirectory="3f6580a8-3113-454f-a373-ef6167115b6e" />
    <UnitTestResult executionId="e2d74f75-3c70-4972-b072-03cc83758f54" testId="380ce305-4bf5-bfab-165f-6f9f614907c8" testName="CoreAlign.Application.Tests.Catalog.Linker.DefaultSkuStrategyTests.Code_longer_than_32_chars_is_truncated" computerName="ARGEX" duration="00:00:00.0004411" startTime="2026-06-02T15:22:43.4992911+03:00" endTime="2026-06-02T15:22:43.4992922+03:00" testType="13cdc9d9-ddb5-4fa4-a97d-d965ccfc6d4b" outcome="Passed" testListId="8c84fa94-04c1-424b-9868-57a2d4851a1d" relativeResultsDirectory="e2d74f75-3c70-4972-b072-03cc83758f54" />
    <UnitTestResult executionId="fe9cf8b3-d737-4ebc-9206-220313045aa6" testId="cf51270c-c4d4-7a5c-a7a9-324ac32c4aaf" testName="CoreAlign.Application.Tests.B2B.DealerProductVisibilityHandlerTests.Set_whitelist_with_three_products_creates_three_rows" computerName="ARGEX" duration="00:00:00.0022989" startTime="2026-06-02T15:22:43.4841359+03:00" endTime="2026-06-02T15:22:43.4841359+03:00" testType="13cdc9d9-ddb5-4fa4-a97d-d965ccfc6d4b" outcome="Passed" testListId="8c84fa94-04c1-424b-9868-57a2d4851a1d" relativeResultsDirectory="fe9cf8b3-d737-4ebc-9206-220313045aa6" />
    <UnitTestResult executionId="9edd3c4a-cfa4-46b0-866c-5c781cc3fd0c" testId="68a3824f-18bb-e02f-f7f5-7e3e264f7a8e" testName="CoreAlign.Application.Tests.Purchasing.ThreeWayMatchHandlerTests.Empty_when_no_mismatches" computerName="ARGEX" duration="00:00:00.0740659" startTime="2026-06-02T15:22:43.3962281+03:00" endTime="2026-06-02T15:22:43.3962282+03:00" testType="13cdc9d9-ddb5-4fa4-a97d-d965ccfc6d4b" outcome="Passed" testListId="8c84fa94-04c1-424b-9868-57a2d4851a1d" relativeResultsDirectory="9edd3c4a-cfa4-46b0-866c-5c781cc3fd0c" />
    <UnitTestResult executionId="827a00a0-52b4-4f97-a0f7-3d7ea1ff65dd" testId="56d4ce4e-9468-2391-1f5a-e370f54e36d8" testName="CoreAlign.Application.Tests.Common.Behaviors.ConcurrencyTokenBehaviorTests.Non_concurrency_exceptions_propagate_unchanged" computerName="ARGEX" duration="00:00:00.0070850" startTime="2026-06-02T15:22:43.5054336+03:00" endTime="2026-06-02T15:22:43.5054336+03:00" testType="13cdc9d9-ddb5-4fa4-a97d-d965ccfc6d4b" outcome="Passed" testListId="8c84fa94-04c1-424b-9868-57a2d4851a1d" relativeResultsDirectory="827a00a0-52b4-4f97-a0f7-3d7ea1ff65dd" />
    <UnitTestResult executionId="f8b7f0b2-6148-43b1-baf6-be8ae4cec301" testId="6a6e8ebd-b49e-71be-f74e-7ddde3755e9e" testName="CoreAlign.Application.Tests.Quotes.QuoteStateMachineTests.MarkSent_from_non_draft_throws" computerName="ARGEX" duration="00:00:00.0005247" startTime="2026-06-02T15:22:43.5122287+03:00" endTime="2026-06-02T15:22:43.5122287+03:00" testType="13cdc9d9-ddb5-4fa4-a97d-d965ccfc6d4b" outcome="Passed" testListId="8c84fa94-04c1-424b-9868-57a2d4851a1d" relativeResultsDirectory="f8b7f0b2-6148-43b1-baf6-be8ae4cec301" />
    <UnitTestResult executionId="70f4922d-153f-4834-96d0-9c9a83a56dc7" testId="368eb089-2067-cdab-d0a1-1bbd907c6214" testName="CoreAlign.Application.Tests.Email.SafeEmailRendererTests.Renders_nested_object_via_dictionary_lookup" computerName="ARGEX" duration="00:00:00.0003209" startTime="2026-06-02T15:22:43.4771185+03:00" endTime="2026-06-02T15:22:43.4771186+03:00" testType="13cdc9d9-ddb5-4fa4-a97d-d965ccfc6d4b" outcome="Passed" testListId="8c84fa94-04c1-424b-9868-57a2d4851a1d" relativeResultsDirectory="70f4922d-153f-4834-96d0-9c9a83a56dc7" />
    <UnitTestResult executionId="4dcf0f5c-918b-4c64-a946-5514781d60dc" testId="88d3d612-af55-b31a-f6a2-59e79e13ffa3" testName="CoreAlign.Application.Tests.B2B.DealerProductVisibilityHandlerTests.Set_all_deletes_existing_rows" computerName="ARGEX" duration="00:00:00.0015596" startTime="2026-06-02T15:22:43.4800304+03:00" endTime="2026-06-02T15:22:43.4800305+03:00" testType="13cdc9d9-ddb5-4fa4-a97d-d965ccfc6d4b" outcome="Passed" testListId="8c84fa94-04c1-424b-9868-57a2d4851a1d" relativeResultsDirectory="4dcf0f5c-918b-4c64-a946-5514781d60dc" />
    <UnitTestResult executionId="bd24e64b-b3fd-442e-9865-b3787c6fd665" testId="722b587b-64d6-4bb0-7b09-eb45353bdc71" testName="CoreAlign.Application.Tests.Common.TurkishTaxIdValidatorTests.IsValidVkn_returns_false_for_invalid_vkn(vkn: &quot;&quot;)" computerName="ARGEX" duration="00:00:00.0000008" startTime="2026-06-02T15:22:43.3430813+03:00" endTime="2026-06-02T15:22:43.3430814+03:00" testType="13cdc9d9-ddb5-4fa4-a97d-d965ccfc6d4b" outcome="Passed" testListId="8c84fa94-04c1-424b-9868-57a2d4851a1d" relativeResultsDirectory="bd24e64b-b3fd-442e-9865-b3787c6fd665" />
    <UnitTestResult executionId="ad341336-eff4-4418-a7a9-ed3eab95d980" testId="bb33be4a-4922-8980-c2be-47003406eca3" testName="CoreAlign.Application.Tests.GlassEnclosure.Presets.TemplateRegistryTests.ListByCategory_Vertical_returns_only_balcony" computerName="ARGEX" duration="00:00:00.0006671" startTime="2026-06-02T15:22:43.5039796+03:00" endTime="2026-06-02T15:22:43.5039797+03:00" testType="13cdc9d9-ddb5-4fa4-a97d-d965ccfc6d4b" outcome="Passed" testListId="8c84fa94-04c1-424b-9868-57a2d4851a1d" relativeResultsDirectory="ad341336-eff4-4418-a7a9-ed3eab95d980" />
    <UnitTestResult executionId="84c5c359-27d3-492b-abff-1274c77b39ec" testId="17d50220-8a79-e883-9066-b6aa9ffa13bd" testName="CoreAlign.Application.Tests.CustomerPortal.InvoicePaymentSessionWebhookServiceTests.TryProcess_returns_null_when_no_session_match" computerName="ARGEX" duration="00:00:00.0019703" startTime="2026-06-02T15:22:43.5493297+03:00" endTime="2026-06-02T15:22:43.5493298+03:00" testType="13cdc9d9-ddb5-4fa4-a97d-d965ccfc6d4b" outcome="Passed" testListId="8c84fa94-04c1-424b-9868-57a2d4851a1d" relativeResultsDirectory="84c5c359-27d3-492b-abff-1274c77b39ec" />
    <UnitTestResult executionId="3e318a51-d698-49b4-9e78-432dddc8351f" testId="5a91dd63-5d74-2ddc-0ca0-06625ec91fad" testName="CoreAlign.Application.Tests.Quotes.QuoteStateMachineTests.Accept_from_sent_transitions_to_accepted" computerName="ARGEX" duration="00:00:00.0001897" startTime="2026-06-02T15:22:43.5138058+03:00" endTime="2026-06-02T15:22:43.5138059+03:00" testType="13cdc9d9-ddb5-4fa4-a97d-d965ccfc6d4b" outcome="Passed" testListId="8c84fa94-04c1-424b-9868-57a2d4851a1d" relativeResultsDirectory="3e318a51-d698-49b4-9e78-432dddc8351f" />
    <UnitTestResult executionId="364423db-7b54-4f6b-be7d-195f61717ccb" testId="a3a872fd-20f2-93f5-7767-190f3a3aec9b" testName="CoreAlign.Application.Tests.B2B.DealerOrderApprovalEntityTests.ApproveDealerSubmission_records_approver_and_timestamp" computerName="ARGEX" duration="00:00:00.0002181" startTime="2026-06-02T15:22:43.4219500+03:00" endTime="2026-06-02T15:22:43.4219501+03:00" testType="13cdc9d9-ddb5-4fa4-a97d-d965ccfc6d4b" outcome="Passed" testListId="8c84fa94-04c1-424b-9868-57a2d4851a1d" relativeResultsDirectory="364423db-7b54-4f6b-be7d-195f61717ccb" />
    <UnitTestResult executionId="1d143325-aa1f-4993-87f3-e1544645fc4f" testId="fbf8784d-a59c-c2e0-ac20-79b0b2573415" testName="CoreAlign.Application.Tests.Common.TurkishTaxIdValidatorTests.IsValidTckn_returns_false_for_invalid_tckn(tckn: &quot;1234567890&quot;)" computerName="ARGEX" duration="00:00:00.0000008" startTime="2026-06-02T15:22:43.3440218+03:00" endTime="2026-06-02T15:22:43.3440218+03:00" testType="13cdc9d9-ddb5-4fa4-a97d-d965ccfc6d4b" outcome="Passed" testListId="8c84fa94-04c1-424b-9868-57a2d4851a1d" relativeResultsDirectory="1d143325-aa1f-4993-87f3-e1544645fc4f" />
    <UnitTestResult executionId="077ba842-eefa-4e58-83d7-43ebc969443c" testId="98fe8c52-f5c8-5220-09d9-a06465f62474" testName="CoreAlign.Application.Tests.Email.EmailQueuedOutboxHandlerTests.Missing_template_falls_back_to_inline_body_without_failing" computerName="ARGEX" duration="00:00:00.0128986" startTime="2026-06-02T15:22:43.5606964+03:00" endTime="2026-06-02T15:22:43.5606965+03:00" testType="13cdc9d9-ddb5-4fa4-a97d-d965ccfc6d4b" outcome="Passed" testListId="8c84fa94-04c1-424b-9868-57a2d4851a1d" relativeResultsDirectory="077ba842-eefa-4e58-83d7-43ebc969443c" />
    <UnitTestResult executionId="7cd166cc-7407-4f1e-8208-d806692eb256" testId="f992ce46-6720-b343-8f42-6b853c79010b" testName="CoreAlign.Application.Tests.Billing.SubscriptionActivatedOutboxHandlerTests.Extends_existing_tenant_module_on_renewal" computerName="ARGEX" duration="00:00:00.0300293" startTime="2026-06-02T15:22:43.4714265+03:00" endTime="2026-06-02T15:22:43.4714266+03:00" testType="13cdc9d9-ddb5-4fa4-a97d-d965ccfc6d4b" outcome="Passed" testListId="8c84fa94-04c1-424b-9868-57a2d4851a1d" relativeResultsDirectory="7cd166cc-7407-4f1e-8208-d806692eb256" />
    <UnitTestResult executionId="0f543675-989c-44b5-8ee7-bea9bca2a2a5" testId="87bae6e3-67f3-6cd3-e2fc-5e62fd2d7901" testName="CoreAlign.Application.Tests.Invoices.IssueCreditNoteCommandHandlerTests.Emits_invoice_issued_event_marked_as_credit_note" computerName="ARGEX" duration="00:00:00.0019035" startTime="2026-06-02T15:22:43.4608972+03:00" endTime="2026-06-02T15:22:43.4608973+03:00" testType="13cdc9d9-ddb5-4fa4-a97d-d965ccfc6d4b" outcome="Passed" testListId="8c84fa94-04c1-424b-9868-57a2d4851a1d" relativeResultsDirectory="0f543675-989c-44b5-8ee7-bea9bca2a2a5" />
    <UnitTestResult executionId="97a5dc4b-581d-47cf-9cba-7fd4c890ba90" testId="6e479162-f48e-1a0f-6855-c079e9495b1c" testName="CoreAlign.Application.Tests.Accounting.GLPostingServiceTests.Skips_when_already_posted_for_the_source_document" computerName="ARGEX" duration="00:00:00.0014094" startTime="2026-06-02T15:22:43.6066168+03:00" endTime="2026-06-02T15:22:43.6066169+03:00" testType="13cdc9d9-ddb5-4fa4-a97d-d965ccfc6d4b" outcome="Passed" testListId="8c84fa94-04c1-424b-9868-57a2d4851a1d" relativeResultsDirectory="97a5dc4b-581d-47cf-9cba-7fd4c890ba90" />
    <UnitTestResult executionId="a726375d-e913-4e73-a5d5-278eee977dda" testId="ef253a40-ce0d-5f60-8393-6cd16087efab" testName="CoreAlign.Application.Tests.GlassEnclosure.ThermalAcousticCalculatorTests.Empty_panels_yield_zero_metrics" computerName="ARGEX" duration="00:00:00.0016833" startTime="2026-06-02T15:22:43.6100829+03:00" endTime="2026-06-02T15:22:43.6100830+03:00" testType="13cdc9d9-ddb5-4fa4-a97d-d965ccfc6d4b" outcome="Passed" testListId="8c84fa94-04c1-424b-9868-57a2d4851a1d" relativeResultsDirectory="a726375d-e913-4e73-a5d5-278eee977dda" />
    <UnitTestResult executionId="0fc79194-4e1c-4d34-93b4-a3fb51a104bd" testId="ac24c8be-b319-b8b3-7f80-42781b93c9db" testName="CoreAlign.Application.Tests.Billing.IyzicoResponseMappingTests.Intermediate_statuses_map_to_pending(status: &quot;INIT_THREEDS&quot;)" computerName="ARGEX" duration="00:00:00.0000040" startTime="2026-06-02T15:22:43.4556143+03:00" endTime="2026-06-02T15:22:43.4556143+03:00" testType="13cdc9d9-ddb5-4fa4-a97d-d965ccfc6d4b" outcome="Passed" testListId="8c84fa94-04c1-424b-9868-57a2d4851a1d" relativeResultsDirectory="0fc79194-4e1c-4d34-93b4-a3fb51a104bd" />
    <UnitTestResult executionId="c7d09eb4-5d0f-4944-bf90-4ba7d4c6b8ef" testId="72977bb6-7a72-8f16-fc47-be0e7ff3734b" testName="CoreAlign.Application.Tests.Auth.TwoFactorChallengeHandlerTests.Missing_code_and_backup_throws" computerName="ARGEX" duration="00:00:00.0015148" startTime="2026-06-02T15:22:43.5128582+03:00" endTime="2026-06-02T15:22:43.5128583+03:00" testType="13cdc9d9-ddb5-4fa4-a97d-d965ccfc6d4b" outcome="Passed" testListId="8c84fa94-04c1-424b-9868-57a2d4851a1d" relativeResultsDirectory="c7d09eb4-5d0f-4944-bf90-4ba7d4c6b8ef" />
    <UnitTestResult executionId="6d834d74-60b6-40fb-8aea-0fe77f85d52e" testId="5b0af20c-52ec-aac4-8410-0890d8f28955" testName="CoreAlign.Application.Tests.B2B.LinkDealerToCustomerHandlerTests.Reactivates_existing_suspended_link_instead_of_creating_duplicate" computerName="ARGEX" duration="00:00:00.0031041" startTime="2026-06-02T15:22:43.4527165+03:00" endTime="2026-06-02T15:22:43.4527166+03:00" testType="13cdc9d9-ddb5-4fa4-a97d-d965ccfc6d4b" outcome="Passed" testListId="8c84fa94-04c1-424b-9868-57a2d4851a1d" relativeResultsDirectory="6d834d74-60b6-40fb-8aea-0fe77f85d52e" />
    <UnitTestResult executionId="e8eb60a5-b8ee-4b67-a6fe-0a886cd84c89" testId="a8408777-468d-b77a-2518-b83637cb0316" testName="CoreAlign.Application.Tests.Tax.TaxDeclarationStateMachineTests.Cannot_accept_generated_declaration_without_submitting" computerName="ARGEX" duration="00:00:00.0005280" startTime="2026-06-02T15:22:43.5593627+03:00" endTime="2026-06-02T15:22:43.5593627+03:00" testType="13cdc9d9-ddb5-4fa4-a97d-d965ccfc6d4b" outcome="Passed" testListId="8c84fa94-04c1-424b-9868-57a2d4851a1d" relativeResultsDirectory="e8eb60a5-b8ee-4b67-a6fe-0a886cd84c89" />
    <UnitTestResult executionId="26368c5c-c700-4c64-92f9-f628fc2d3470" testId="948dc2e3-2493-e53e-34ba-fd30fec6bb0a" testName="CoreAlign.Application.Tests.EInvoice.InvoiceIssuedEInvoiceOutboxHandlerTests.Fails_when_invoice_not_found" computerName="ARGEX" duration="00:00:00.1152204" startTime="2026-06-02T15:22:43.4374828+03:00" endTime="2026-06-02T15:22:43.4374830+03:00" testType="13cdc9d9-ddb5-4fa4-a97d-d965ccfc6d4b" outcome="Passed" testListId="8c84fa94-04c1-424b-9868-57a2d4851a1d" relativeResultsDirectory="26368c5c-c700-4c64-92f9-f628fc2d3470" />
    <UnitTestResult executionId="ec4f708a-dcd9-4192-9855-b836dbc8bbbe" testId="726e90ba-03a2-170e-5dd9-c149d3bfcab7" testName="CoreAlign.Application.Tests.CustomerPortal.PortalNotificationPreferencesHandlerTests.ListPreferences_returns_defaults_for_kinds_without_stored_row" computerName="ARGEX" duration="00:00:00.0024853" startTime="2026-06-02T15:22:43.5788546+03:00" endTime="2026-06-02T15:22:43.5788547+03:00" testType="13cdc9d9-ddb5-4fa4-a97d-d965ccfc6d4b" outcome="Passed" testListId="8c84fa94-04c1-424b-9868-57a2d4851a1d" relativeResultsDirectory="ec4f708a-dcd9-4192-9855-b836dbc8bbbe" />
    <UnitTestResult executionId="7bc5654c-7ec2-49c0-bc38-aa105a7933f8" testId="e97ea8e0-2798-3b0d-5fa9-ce5bf52bbd52" testName="CoreAlign.Application.Tests.GlassEnclosure.Presets.TemplateRegistryTests.ListByCategory_Functional_returns_three_presets" computerName="ARGEX" duration="00:00:00.0227751" startTime="2026-06-02T15:22:43.4999419+03:00" endTime="2026-06-02T15:22:43.4999420+03:00" testType="13cdc9d9-ddb5-4fa4-a97d-d965ccfc6d4b" outcome="Passed" testListId="8c84fa94-04c1-424b-9868-57a2d4851a1d" relativeResultsDirectory="7bc5654c-7ec2-49c0-bc38-aa105a7933f8" />
    <UnitTestResult executionId="28daa57e-2240-4a23-8038-47a182456130" testId="957e8d33-8a41-f4b5-1e69-2c269c2ab2ba" testName="CoreAlign.Application.Tests.Invoices.GenerateInvoiceFromOrderCommandHandlerTests.Throws_when_invoice_already_exists_for_order" computerName="ARGEX" duration="00:00:00.0020209" startTime="2026-06-02T15:22:43.5497036+03:00" endTime="2026-06-02T15:22:43.5497037+03:00" testType="13cdc9d9-ddb5-4fa4-a97d-d965ccfc6d4b" outcome="Passed" testListId="8c84fa94-04c1-424b-9868-57a2d4851a1d" relativeResultsDirectory="28daa57e-2240-4a23-8038-47a182456130" />
    <UnitTestResult executionId="9a14eab3-e19f-4a29-94e3-f6a4f1122ff8" testId="972efad0-145a-9607-b8e6-f7324ea6d49e" testName="CoreAlign.Application.Tests.Billing.IyzicoOptionsValidationTests.Api_key_required" computerName="ARGEX" duration="00:00:00.0006250" startTime="2026-06-02T15:22:43.6155460+03:00" endTime="2026-06-02T15:22:43.6155461+03:00" testType="13cdc9d9-ddb5-4fa4-a97d-d965ccfc6d4b" outcome="Passed" testListId="8c84fa94-04c1-424b-9868-57a2d4851a1d" relativeResultsDirectory="9a14eab3-e19f-4a29-94e3-f6a4f1122ff8" />
    <UnitTestResult executionId="9059b6aa-8454-4be9-ab68-0aa36e89a66e" testId="5f6bba4b-479c-ac01-5f2d-d2e227415ab7" testName="CoreAlign.Application.Tests.Tax.BuildKdv1ForPeriodCommandHandlerTests.No_invoices_in_period_still_creates_declaration_with_zero_totals" computerName="ARGEX" duration="00:00:00.0107627" startTime="2026-06-02T15:22:43.4673228+03:00" endTime="2026-06-02T15:22:43.4673229+03:00" testType="13cdc9d9-ddb5-4fa4-a97d-d965ccfc6d4b" outcome="Passed" testListId="8c84fa94-04c1-424b-9868-57a2d4851a1d" relativeResultsDirectory="9059b6aa-8454-4be9-ab68-0aa36e89a66e" />
    <UnitTestResult executionId="494abe03-f5d1-4ef5-8fe5-496b4be173df" testId="46a3ffa6-0c5d-792a-884b-ac0d52503966" testName="CoreAlign.Application.Tests.Billing.CreateSubscriptionOrderCommandValidatorTests.Iyzico_without_billing_info_fails" computerName="ARGEX" duration="00:00:00.0007325" startTime="2026-06-02T15:22:43.5704543+03:00" endTime="2026-06-02T15:22:43.5704544+03:00" testType="13cdc9d9-ddb5-4fa4-a97d-d965ccfc6d4b" outcome="Passed" testListId="8c84fa94-04c1-424b-9868-57a2d4851a1d" relativeResultsDirectory="494abe03-f5d1-4ef5-8fe5-496b4be173df" />
    <UnitTestResult executionId="b966317f-a2f5-40cb-a80c-658f43b93712" testId="87bde70e-319d-1fa3-d672-4eccf445d83c" testName="CoreAlign.Application.Tests.Orders.OrderCancellationStockEffectTests.Cancelling_approved_order_does_not_raise_restore_event" computerName="ARGEX" duration="00:00:00.0099139" startTime="2026-06-02T15:22:43.3384126+03:00" endTime="2026-06-02T15:22:43.3384126+03:00" testType="13cdc9d9-ddb5-4fa4-a97d-d965ccfc6d4b" outcome="Passed" testListId="8c84fa94-04c1-424b-9868-57a2d4851a1d" relativeResultsDirectory="b966317f-a2f5-40cb-a80c-658f43b93712" />
    <UnitTestResult executionId="8df91f6d-9dbf-40cd-8395-40c4a82c43cf" testId="07241e4c-32cf-4fdc-d7ba-c64d86550e8d" testName="CoreAlign.Application.Tests.Quotes.QuoteStateMachineTests.Newly_created_quote_is_in_draft_state" computerName="ARGEX" duration="00:00:00.0002377" startTime="2026-06-02T15:22:43.5113111+03:00" endTime="2026-06-02T15:22:43.5113112+03:00" testType="13cdc9d9-ddb5-4fa4-a97d-d965ccfc6d4b" outcome="Passed" testListId="8c84fa94-04c1-424b-9868-57a2d4851a1d" relativeResultsDirectory="8df91f6d-9dbf-40cd-8395-40c4a82c43cf" />
    <UnitTestResult executionId="703fbd26-c8ff-4084-910e-4ec3ea7805d8" testId="f667a45c-e1df-b72a-c1fe-1a2e0f3af27d" testName="CoreAlign.Application.Tests.GlassEnclosure.Convert.ConvertProjectToOrderTests.Service_line_produces_order_line_with_isservice_true_and_empty_product_id" computerName="ARGEX" duration="00:00:00.0029418" startTime="2026-06-02T15:22:43.4582300+03:00" endTime="2026-06-02T15:22:43.4582301+03:00" testType="13cdc9d9-ddb5-4fa4-a97d-d965ccfc6d4b" outcome="Passed" testListId="8c84fa94-04c1-424b-9868-57a2d4851a1d" relativeResultsDirectory="703fbd26-c8ff-4084-910e-4ec3ea7805d8" />
    <UnitTestResult executionId="7281ea32-c9d5-4aad-914e-2391628feb77" testId="5d7be0a1-95f2-46ad-e62f-d9b15e6b058d" testName="CoreAlign.Application.Tests.Billing.IyzicoCurrencyMapperTests.Unsupported_currencies_throw_PaymentGatewayException(code: &quot;AUD&quot;)" computerName="ARGEX" duration="00:00:00.0004964" startTime="2026-06-02T15:22:43.3449942+03:00" endTime="2026-06-02T15:22:43.3449943+03:00" testType="13cdc9d9-ddb5-4fa4-a97d-d965ccfc6d4b" outcome="Passed" testListId="8c84fa94-04c1-424b-9868-57a2d4851a1d" relativeResultsDirectory="7281ea32-c9d5-4aad-914e-2391628feb77" />
    <UnitTestResult executionId="97dd55b9-0e95-438f-acbe-3131d6d8f214" testId="ea98f9d3-2d1b-7a67-f049-1e6e2d5791d1" testName="CoreAlign.Application.Tests.Quotes.QuoteStateMachineTests.MarkSent_from_draft_with_lines_transitions_to_sent" computerName="ARGEX" duration="00:00:00.0002703" startTime="2026-06-02T15:22:43.5105730+03:00" endTime="2026-06-02T15:22:43.5105731+03:00" testType="13cdc9d9-ddb5-4fa4-a97d-d965ccfc6d4b" outcome="Passed" testListId="8c84fa94-04c1-424b-9868-57a2d4851a1d" relativeResultsDirectory="97dd55b9-0e95-438f-acbe-3131d6d8f214" />
    <UnitTestResult executionId="81085c4a-11c0-4c62-ad45-010a721329a8" testId="3941afc3-2e8a-17ba-2b26-4db876efc34e" testName="CoreAlign.Application.Tests.B2B.DealerPortalInvoicesHandlerTests.GetInvoiceById_returns_invoice_when_customer_is_in_dealer_scope" computerName="ARGEX" duration="00:00:00.0027142" startTime="2026-06-02T15:22:43.5256644+03:00" endTime="2026-06-02T15:22:43.5256644+03:00" testType="13cdc9d9-ddb5-4fa4-a97d-d965ccfc6d4b" outcome="Passed" testListId="8c84fa94-04c1-424b-9868-57a2d4851a1d" relativeResultsDirectory="81085c4a-11c0-4c62-ad45-010a721329a8" />
    <UnitTestResult executionId="d1c731cd-eb1e-442a-acfd-ac122c5a392f" testId="824f777f-143b-db51-dc99-84255addad5f" testName="CoreAlign.Application.Tests.GlassEnclosure.Presets.PresetValidationTests.Greenhouse_pitched_without_roof_pitch_is_invalid" computerName="ARGEX" duration="00:00:00.0087061" startTime="2026-06-02T15:22:43.3383770+03:00" endTime="2026-06-02T15:22:43.3383770+03:00" testType="13cdc9d9-ddb5-4fa4-a97d-d965ccfc6d4b" outcome="Passed" testListId="8c84fa94-04c1-424b-9868-57a2d4851a1d" relativeResultsDirectory="d1c731cd-eb1e-442a-acfd-ac122c5a392f" />
    <UnitTestResult executionId="74868a05-592a-42a6-8463-defd808b86af" testId="9339f73b-cb65-e3c4-d7ea-29a8924a65fc" testName="CoreAlign.Application.Tests.Quotes.CreateQuoteCommandHandlerTests.Throws_when_explicit_number_collides" computerName="ARGEX" duration="00:00:00.0985755" startTime="2026-06-02T15:22:43.4207518+03:00" endTime="2026-06-02T15:22:43.4207519+03:00" testType="13cdc9d9-ddb5-4fa4-a97d-d965ccfc6d4b" outcome="Passed" testListId="8c84fa94-04c1-424b-9868-57a2d4851a1d" relativeResultsDirectory="74868a05-592a-42a6-8463-defd808b86af" />
    <UnitTestResult executionId="7c4e5903-7d0f-40ca-9693-c4087fcfe0e1" testId="963c1864-162a-b90e-0862-bbc459fbcd6d" testName="CoreAlign.Application.Tests.Billing.IyzicoCurrencyMapperTests.Supported_currencies_map_to_iyzipay_enum(code: &quot;try&quot;)" computerName="ARGEX" duration="00:00:00.0000881" startTime="2026-06-02T15:22:43.3447879+03:00" endTime="2026-06-02T15:22:43.3447880+03:00" testType="13cdc9d9-ddb5-4fa4-a97d-d965ccfc6d4b" outcome="Passed" testListId="8c84fa94-04c1-424b-9868-57a2d4851a1d" relativeResultsDirectory="7c4e5903-7d0f-40ca-9693-c4087fcfe0e1" />
    <UnitTestResult executionId="7caf3153-fd5d-4b9d-9083-396c9fc01aa9" testId="4b7d5aa5-5563-30d7-1964-9fdadb46b384" testName="CoreAlign.Application.Tests.Billing.BillingMapperTests.MaskIdentity_returns_first_five_then_asterisks(input: &quot;12&quot;, expected: &quot;**&quot;)" computerName="ARGEX" duration="00:00:00.0001469" startTime="2026-06-02T15:22:43.5160836+03:00" endTime="2026-06-02T15:22:43.5160837+03:00" testType="13cdc9d9-ddb5-4fa4-a97d-d965ccfc6d4b" outcome="Passed" testListId="8c84fa94-04c1-424b-9868-57a2d4851a1d" relativeResultsDirectory="7caf3153-fd5d-4b9d-9083-396c9fc01aa9" />
    <UnitTestResult executionId="68fd4518-725e-4e0f-82eb-32b9c9d4ec5e" testId="da5c86e3-5768-d3a3-46f3-adeed854a21d" testName="CoreAlign.Application.Tests.Billing.IyzicoAmountFormattingTests.Formatting_uses_invariant_culture_not_turkish" computerName="ARGEX" duration="00:00:00.0008200" startTime="2026-06-02T15:22:43.4813064+03:00" endTime="2026-06-02T15:22:43.4813064+03:00" testType="13cdc9d9-ddb5-4fa4-a97d-d965ccfc6d4b" outcome="Passed" testListId="8c84fa94-04c1-424b-9868-57a2d4851a1d" relativeResultsDirectory="68fd4518-725e-4e0f-82eb-32b9c9d4ec5e" />
    <UnitTestResult executionId="6c41183a-f03c-4177-aa8d-ecfcdf5a363e" testId="f0d368ed-d784-32cf-69bb-93d5dfb99ea6" testName="CoreAlign.Application.Tests.B2B.DealerOrderApprovalEntityTests.MarkOrigin_after_submit_throws" computerName="ARGEX" duration="00:00:00.0004986" startTime="2026-06-02T15:22:43.4187697+03:00" endTime="2026-06-02T15:22:43.4187698+03:00" testType="13cdc9d9-ddb5-4fa4-a97d-d965ccfc6d4b" outcome="Passed" testListId="8c84fa94-04c1-424b-9868-57a2d4851a1d" relativeResultsDirectory="6c41183a-f03c-4177-aa8d-ecfcdf5a363e" />
    <UnitTestResult executionId="2fb6ee8c-3a78-4783-b56d-692450fe2217" testId="37b617cb-f558-c468-d50b-2c6a4975907a" testName="CoreAlign.Application.Tests.Common.TurkishTaxIdValidatorTests.IsValidTckn_returns_false_for_invalid_tckn(tckn: &quot;12345678901&quot;)" computerName="ARGEX" duration="00:00:00.0000016" startTime="2026-06-02T15:22:43.3440105+03:00" endTime="2026-06-02T15:22:43.3440105+03:00" testType="13cdc9d9-ddb5-4fa4-a97d-d965ccfc6d4b" outcome="Passed" testListId="8c84fa94-04c1-424b-9868-57a2d4851a1d" relativeResultsDirectory="2fb6ee8c-3a78-4783-b56d-692450fe2217" />
    <UnitTestResult executionId="97c4a4e0-9328-4fc8-99c6-06a2612f586a" testId="9b36503f-7543-c3dc-af7d-0330d6bf799d" testName="CoreAlign.Application.Tests.Outbox.OutboxProcessorTests.Closed_period_result_defers_for_replay" computerName="ARGEX" duration="00:00:00.0799512" startTime="2026-06-02T15:22:43.5365167+03:00" endTime="2026-06-02T15:22:43.5365168+03:00" testType="13cdc9d9-ddb5-4fa4-a97d-d965ccfc6d4b" outcome="Passed" testListId="8c84fa94-04c1-424b-9868-57a2d4851a1d" relativeResultsDirectory="97c4a4e0-9328-4fc8-99c6-06a2612f586a" />
    <UnitTestResult executionId="d4d2d35b-7c93-4cfb-9708-de72dd3520a9" testId="f0350ace-4b7b-366c-096b-941e5423f3ec" testName="CoreAlign.Application.Tests.Quotes.ConvertQuoteToOrderHandlerTests.Concurrent_convert_attempts_only_create_one_order" computerName="ARGEX" duration="00:00:00.0077432" startTime="2026-06-02T15:22:43.5221976+03:00" endTime="2026-06-02T15:22:43.5221976+03:00" testType="13cdc9d9-ddb5-4fa4-a97d-d965ccfc6d4b" outcome="Passed" testListId="8c84fa94-04c1-424b-9868-57a2d4851a1d" relativeResultsDirectory="d4d2d35b-7c93-4cfb-9708-de72dd3520a9" />
    <UnitTestResult executionId="127bd412-3bbd-4a81-9ded-297842963ea1" testId="ceb7ec31-00e5-0f0d-a8d0-2575dea12b3e" testName="CoreAlign.Application.Tests.Pricing.PriceListItemValidatorTests.Add_rejects_min_greater_than_max" computerName="ARGEX" duration="00:00:00.0013094" startTime="2026-06-02T15:22:43.5395375+03:00" endTime="2026-06-02T15:22:43.5395376+03:00" testType="13cdc9d9-ddb5-4fa4-a97d-d965ccfc6d4b" outcome="Passed" testListId="8c84fa94-04c1-424b-9868-57a2d4851a1d" relativeResultsDirectory="127bd412-3bbd-4a81-9ded-297842963ea1" />
    <UnitTestResult executionId="87c891d5-c505-4158-b2aa-53338a63d4f8" testId="747444ef-19ea-9c7e-cbc9-5a63a2888ad1" testName="CoreAlign.Application.Tests.GlassEnclosure.Presets.PresetValidationTests.Balcony_with_curved_geometry_is_invalid" computerName="ARGEX" duration="00:00:00.0009131" startTime="2026-06-02T15:22:43.3443217+03:00" endTime="2026-06-02T15:22:43.3443217+03:00" testType="13cdc9d9-ddb5-4fa4-a97d-d965ccfc6d4b" outcome="Passed" testListId="8c84fa94-04c1-424b-9868-57a2d4851a1d" relativeResultsDirectory="87c891d5-c505-4158-b2aa-53338a63d4f8" />
    <UnitTestResult executionId="53d9b969-823d-4a14-beb9-4a951e35564a" testId="951dcec6-45a0-8068-a82f-5bf7891a425c" testName="CoreAlign.Application.Tests.Invoices.GenerateInvoiceFromOrderCommandHandlerTests.Throws_when_order_status_not_eligible(status: Cancelled)" computerName="ARGEX" duration="00:00:00.0004391" startTime="2026-06-02T15:22:43.5515666+03:00" endTime="2026-06-02T15:22:43.5515666+03:00" testType="13cdc9d9-ddb5-4fa4-a97d-d965ccfc6d4b" outcome="Passed" testListId="8c84fa94-04c1-424b-9868-57a2d4851a1d" relativeResultsDirectory="53d9b969-823d-4a14-beb9-4a951e35564a" />
    <UnitTestResult executionId="dc84d85b-0b7e-474f-9dbd-bb831ff5157f" testId="5bd5e636-3180-dd0b-20d8-de49fae59035" testName="CoreAlign.Application.Tests.Documents.InvoiceDocumentModelMapperTests.Tax_breakdown_groups_lines_by_rate" computerName="ARGEX" duration="00:00:00.0191520" startTime="2026-06-02T15:22:43.4771729+03:00" endTime="2026-06-02T15:22:43.4771730+03:00" testType="13cdc9d9-ddb5-4fa4-a97d-d965ccfc6d4b" outcome="Passed" testListId="8c84fa94-04c1-424b-9868-57a2d4851a1d" relativeResultsDirectory="dc84d85b-0b7e-474f-9dbd-bb831ff5157f" />
    <UnitTestResult executionId="95867a81-a216-48aa-9ecb-66c7eededc9e" testId="78c0e4e3-5df8-bc19-07d5-88f26279d57e" testName="CoreAlign.Application.Tests.Purchasing.VendorBillDomainTests.Payment_exceeding_due_throws" computerName="ARGEX" duration="00:00:00.0017621" startTime="2026-06-02T15:22:43.4470597+03:00" endTime="2026-06-02T15:22:43.4470598+03:00" testType="13cdc9d9-ddb5-4fa4-a97d-d965ccfc6d4b" outcome="Passed" testListId="8c84fa94-04c1-424b-9868-57a2d4851a1d" relativeResultsDirectory="95867a81-a216-48aa-9ecb-66c7eededc9e" />
    <UnitTestResult executionId="c85818fe-f7f2-48ea-81f1-c12f45f88919" testId="4fe38eee-fa1f-fb2e-64cd-de18f95a5fea" testName="CoreAlign.Application.Tests.Auth.PasswordPolicyServiceTests.Valid_password_passes_all_checks" computerName="ARGEX" duration="00:00:00.0171072" startTime="2026-06-02T15:22:43.6260024+03:00" endTime="2026-06-02T15:22:43.6260025+03:00" testType="13cdc9d9-ddb5-4fa4-a97d-d965ccfc6d4b" outcome="Passed" testListId="8c84fa94-04c1-424b-9868-57a2d4851a1d" relativeResultsDirectory="c85818fe-f7f2-48ea-81f1-c12f45f88919" />
    <UnitTestResult executionId="8b072130-1ac1-4317-8f6f-e1122dca3a29" testId="24632fec-d80a-d69a-a809-5efa35368206" testName="CoreAlign.Application.Tests.B2B.CustomerPortalHandlerTests.GetOrderById_returns_404_when_order_belongs_to_a_different_customer" computerName="ARGEX" duration="00:00:00.0027283" startTime="2026-06-02T15:22:43.5347973+03:00" endTime="2026-06-02T15:22:43.5347973+03:00" testType="13cdc9d9-ddb5-4fa4-a97d-d965ccfc6d4b" outcome="Passed" testListId="8c84fa94-04c1-424b-9868-57a2d4851a1d" relativeResultsDirectory="8b072130-1ac1-4317-8f6f-e1122dca3a29" />
    <UnitTestResult executionId="dddc0fad-7e5f-465b-a26f-4510ab8c7e01" testId="e8b4e4f4-8a05-0945-6b65-60a62bb70388" testName="CoreAlign.Application.Tests.Inventory.PostStockCountHandlerTests.Post_creates_adjustment_per_variance_line" computerName="ARGEX" duration="00:00:00.0109655" startTime="2026-06-02T15:22:43.5003962+03:00" endTime="2026-06-02T15:22:43.5003963+03:00" testType="13cdc9d9-ddb5-4fa4-a97d-d965ccfc6d4b" outcome="Passed" testListId="8c84fa94-04c1-424b-9868-57a2d4851a1d" relativeResultsDirectory="dddc0fad-7e5f-465b-a26f-4510ab8c7e01" />
    <UnitTestResult executionId="b48c6d46-be15-4a79-bcd4-f256df91bc64" testId="0657fee6-62be-e079-372b-1f8f112f93bc" testName="CoreAlign.Application.Tests.Billing.IyzicoCurrencyMapperTests.Try_maps_to_TRY" computerName="ARGEX" duration="00:00:00.0008582" startTime="2026-06-02T15:22:43.3449811+03:00" endTime="2026-06-02T15:22:43.3449811+03:00" testType="13cdc9d9-ddb5-4fa4-a97d-d965ccfc6d4b" outcome="Passed" testListId="8c84fa94-04c1-424b-9868-57a2d4851a1d" relativeResultsDirectory="b48c6d46-be15-4a79-bcd4-f256df91bc64" />
    <UnitTestResult executionId="91d43ee1-5ee8-479a-872a-ef92a9344bc2" testId="b0e16bce-b2f3-41f6-c7cb-869c98a1049c" testName="CoreAlign.Application.Tests.Quotes.CreateQuoteCommandHandlerTests.Creates_quote_with_lines_and_auto_assigned_number_when_blank" computerName="ARGEX" duration="00:00:00.0329709" startTime="2026-06-02T15:22:43.4564984+03:00" endTime="2026-06-02T15:22:43.4564985+03:00" testType="13cdc9d9-ddb5-4fa4-a97d-d965ccfc6d4b" outcome="Passed" testListId="8c84fa94-04c1-424b-9868-57a2d4851a1d" relativeResultsDirectory="91d43ee1-5ee8-479a-872a-ef92a9344bc2" />
    <UnitTestResult executionId="8519acfb-d2b0-4940-baf1-5dd7d1c2b6c9" testId="20c40fca-c553-2fd4-861a-41a028254932" testName="CoreAlign.Application.Tests.Auth.LoginCommandHandlerTests.DisabledAccount_AfterPasswordVerification_RevealsDisabledState" computerName="ARGEX" duration="00:00:00.1285450" startTime="2026-06-02T15:22:43.4507162+03:00" endTime="2026-06-02T15:22:43.4507162+03:00" testType="13cdc9d9-ddb5-4fa4-a97d-d965ccfc6d4b" outcome="Passed" testListId="8c84fa94-04c1-424b-9868-57a2d4851a1d" relativeResultsDirectory="8519acfb-d2b0-4940-baf1-5dd7d1c2b6c9" />
    <UnitTestResult executionId="ba579003-ea89-43ad-a037-98251675fb6d" testId="13c9c4b4-8f73-aaa6-d700-a09589b77b97" testName="CoreAlign.Application.Tests.Quotes.QuoteStateMachineTests.Expire_from_sent_transitions_to_expired" computerName="ARGEX" duration="00:00:00.0003426" startTime="2026-06-02T15:22:43.5116653+03:00" endTime="2026-06-02T15:22:43.5116654+03:00" testType="13cdc9d9-ddb5-4fa4-a97d-d965ccfc6d4b" outcome="Passed" testListId="8c84fa94-04c1-424b-9868-57a2d4851a1d" relativeResultsDirectory="ba579003-ea89-43ad-a037-98251675fb6d" />
    <UnitTestResult executionId="03d09f09-dcb5-4c64-b750-70352d23874f" testId="8a6c0b5b-c68a-10b8-129d-f35f180a74af" testName="CoreAlign.Application.Tests.Returns.ReturnRequestStateMachineTests.AttachCreditNote_after_received_transitions_to_credit_noted" computerName="ARGEX" duration="00:00:00.0005604" startTime="2026-06-02T15:22:43.6064556+03:00" endTime="2026-06-02T15:22:43.6064556+03:00" testType="13cdc9d9-ddb5-4fa4-a97d-d965ccfc6d4b" outcome="Passed" testListId="8c84fa94-04c1-424b-9868-57a2d4851a1d" relativeResultsDirectory="03d09f09-dcb5-4c64-b750-70352d23874f" />
    <UnitTestResult executionId="9956ffe3-434d-4c07-a6f7-dcf49905d6a3" testId="87e8b83a-ce1b-de35-e18c-a7a4a2520c31" testName="CoreAlign.Application.Tests.Billing.IyzicoCurrencyMapperTests.Unsupported_currencies_throw_PaymentGatewayException(code: &quot;XYZ&quot;)" computerName="ARGEX" duration="00:00:00.0000556" startTime="2026-06-02T15:22:43.3451554+03:00" endTime="2026-06-02T15:22:43.3451555+03:00" testType="13cdc9d9-ddb5-4fa4-a97d-d965ccfc6d4b" outcome="Passed" testListId="8c84fa94-04c1-424b-9868-57a2d4851a1d" relativeResultsDirectory="9956ffe3-434d-4c07-a6f7-dcf49905d6a3" />
    <UnitTestResult executionId="b6a906de-c291-42a3-a698-aec20810d258" testId="995ae586-4bfc-64aa-f634-305dd8c44996" testName="CoreAlign.Application.Tests.Billing.CreateSubscriptionOrderCommandValidatorTests.Iyzico_with_short_identity_fails(identity: &quot;ab&quot;)" computerName="ARGEX" duration="00:00:00.0010343" startTime="2026-06-02T15:22:43.5676097+03:00" endTime="2026-06-02T15:22:43.5676098+03:00" testType="13cdc9d9-ddb5-4fa4-a97d-d965ccfc6d4b" outcome="Passed" testListId="8c84fa94-04c1-424b-9868-57a2d4851a1d" relativeResultsDirectory="b6a906de-c291-42a3-a698-aec20810d258" />
    <UnitTestResult executionId="622cbff1-f466-4dae-8b33-685982be48f0" testId="36bdc0c5-16a2-01ae-d45c-df268d5323d6" testName="CoreAlign.Application.Tests.Purchasing.VendorBillReverseRecordedPaymentTests.Reversing_partial_payment_keeps_partially_paid_when_residual_remains" computerName="ARGEX" duration="00:00:00.0075856" startTime="2026-06-02T15:22:43.3350475+03:00" endTime="2026-06-02T15:22:43.3350763+03:00" testType="13cdc9d9-ddb5-4fa4-a97d-d965ccfc6d4b" outcome="Passed" testListId="8c84fa94-04c1-424b-9868-57a2d4851a1d" relativeResultsDirectory="622cbff1-f466-4dae-8b33-685982be48f0" />
    <UnitTestResult executionId="176aebeb-c2a7-4fbe-a476-8bfbed0a272e" testId="1edb42ce-b820-2593-5640-0449449fffc6" testName="CoreAlign.Application.Tests.Quotes.QuoteStateMachineTests.MarkSent_with_no_lines_throws" computerName="ARGEX" duration="00:00:00.0004151" startTime="2026-06-02T15:22:43.5110191+03:00" endTime="2026-06-02T15:22:43.5110192+03:00" testType="13cdc9d9-ddb5-4fa4-a97d-d965ccfc6d4b" outcome="Passed" testListId="8c84fa94-04c1-424b-9868-57a2d4851a1d" relativeResultsDirectory="176aebeb-c2a7-4fbe-a476-8bfbed0a272e" />
    <UnitTestResult executionId="b23716e6-5e05-4968-a291-49f013c6c636" testId="6f05559e-c7ed-8f8c-0d07-f2b0a08c4e87" testName="CoreAlign.Application.Tests.GlassEnclosure.Presets.PresetValidationTests.Greenhouse_pitch_out_of_range_emits_warning" computerName="ARGEX" duration="00:00:00.0007893" startTime="2026-06-02T15:22:43.3445637+03:00" endTime="2026-06-02T15:22:43.3445637+03:00" testType="13cdc9d9-ddb5-4fa4-a97d-d965ccfc6d4b" outcome="Passed" testListId="8c84fa94-04c1-424b-9868-57a2d4851a1d" relativeResultsDirectory="b23716e6-5e05-4968-a291-49f013c6c636" />
    <UnitTestResult executionId="dde9de58-f2f2-4649-ba45-e655a91445a9" testId="2f07dc0a-ac12-3c91-1e94-84135ed529a0" testName="CoreAlign.Application.Tests.Returns.ReturnRequestValidatorTests.Receive_requires_warehouse" computerName="ARGEX" duration="00:00:00.0027114" startTime="2026-06-02T15:22:43.5610516+03:00" endTime="2026-06-02T15:22:43.5610516+03:00" testType="13cdc9d9-ddb5-4fa4-a97d-d965ccfc6d4b" outcome="Passed" testListId="8c84fa94-04c1-424b-9868-57a2d4851a1d" relativeResultsDirectory="dde9de58-f2f2-4649-ba45-e655a91445a9" />
    <UnitTestResult executionId="0b7cad34-031e-4079-9841-8c3f8f0e797a" testId="ee1e2920-aa9e-ab8a-6c65-bbd3e1db4d7a" testName="CoreAlign.Application.Tests.Inventory.PostStockCountHandlerTests.Post_fails_when_not_in_reconciliation" computerName="ARGEX" duration="00:00:00.0017526" startTime="2026-06-02T15:22:43.5021859+03:00" endTime="2026-06-02T15:22:43.5021860+03:00" testType="13cdc9d9-ddb5-4fa4-a97d-d965ccfc6d4b" outcome="Passed" testListId="8c84fa94-04c1-424b-9868-57a2d4851a1d" relativeResultsDirectory="0b7cad34-031e-4079-9841-8c3f8f0e797a" />
    <UnitTestResult executionId="55d579b6-e6f2-46f3-a845-218e11f17a33" testId="5ad3f246-1c2b-d95c-e4be-aa623e2a7820" testName="CoreAlign.Application.Tests.Billing.IyzicoCurrencyMapperTests.Supported_currencies_map_to_iyzipay_enum(code: &quot;TRY&quot;)" computerName="ARGEX" duration="00:00:00.0000009" startTime="2026-06-02T15:22:43.3449375+03:00" endTime="2026-06-02T15:22:43.3449375+03:00" testType="13cdc9d9-ddb5-4fa4-a97d-d965ccfc6d4b" outcome="Passed" testListId="8c84fa94-04c1-424b-9868-57a2d4851a1d" relativeResultsDirectory="55d579b6-e6f2-46f3-a845-218e11f17a33" />
    <UnitTestResult executionId="bcd5cd85-58f1-493b-9bab-5adf5304c3a9" testId="ad8e28e4-94b1-0dec-da2f-1e8d29f0f810" testName="CoreAlign.Application.Tests.Catalog.Linker.CatalogProductLinkerTests.EnsureLinkedAsync_creates_new_product_when_none_exists" computerName="ARGEX" duration="00:00:00.0023595" startTime="2026-06-02T15:22:43.5167853+03:00" endTime="2026-06-02T15:22:43.5167854+03:00" testType="13cdc9d9-ddb5-4fa4-a97d-d965ccfc6d4b" outcome="Passed" testListId="8c84fa94-04c1-424b-9868-57a2d4851a1d" relativeResultsDirectory="bcd5cd85-58f1-493b-9bab-5adf5304c3a9" />
    <UnitTestResult executionId="5e5ee7c4-05cf-4ce9-8b5c-cba9fafd9868" testId="bd08e5b3-8fec-26b4-7662-9d29a452bf56" testName="CoreAlign.Application.Tests.GlassEnclosure.CuttingOptimizer1DTests.Empty_request_returns_zero_bars" computerName="ARGEX" duration="00:00:00.0008808" startTime="2026-06-02T15:22:43.3447506+03:00" endTime="2026-06-02T15:22:43.3447507+03:00" testType="13cdc9d9-ddb5-4fa4-a97d-d965ccfc6d4b" outcome="Passed" testListId="8c84fa94-04c1-424b-9868-57a2d4851a1d" relativeResultsDirectory="5e5ee7c4-05cf-4ce9-8b5c-cba9fafd9868" />
    <UnitTestResult executionId="eed2738a-2c13-42d9-bc85-e7de0d59ff58" testId="a010d8e4-0a5d-0bd8-eb86-c28fc46daf7a" testName="CoreAlign.Application.Tests.Pricing.DiscountRuleTests.MatchesContext_customer_group_scope_requires_matching_group" computerName="ARGEX" duration="00:00:00.0003434" startTime="2026-06-02T15:22:43.5087660+03:00" endTime="2026-06-02T15:22:43.5087661+03:00" testType="13cdc9d9-ddb5-4fa4-a97d-d965ccfc6d4b" outcome="Passed" testListId="8c84fa94-04c1-424b-9868-57a2d4851a1d" relativeResultsDirectory="eed2738a-2c13-42d9-bc85-e7de0d59ff58" />
    <UnitTestResult executionId="dde6bc58-b3ef-44bc-b205-11d51474020a" testId="f60d4fce-3345-b11b-10eb-8969050750b1" testName="CoreAlign.Application.Tests.CustomerPortal.PortalProfileHandlerTests.UpdateProfile_throws_when_user_missing" computerName="ARGEX" duration="00:00:00.0049342" startTime="2026-06-02T15:22:43.5565249+03:00" endTime="2026-06-02T15:22:43.5565250+03:00" testType="13cdc9d9-ddb5-4fa4-a97d-d965ccfc6d4b" outcome="Passed" testListId="8c84fa94-04c1-424b-9868-57a2d4851a1d" relativeResultsDirectory="dde6bc58-b3ef-44bc-b205-11d51474020a" />
    <UnitTestResult executionId="11805801-3045-4d92-849b-7fa47a13ab5f" testId="51485a91-8c21-0566-2915-49410d4e684c" testName="CoreAlign.Application.Tests.Auth.TwoFactorEnrollmentHandlerTests.Disable_with_wrong_password_throws_invalid_credentials" computerName="ARGEX" duration="00:00:00.0767897" startTime="2026-06-02T15:22:43.4202333+03:00" endTime="2026-06-02T15:22:43.4202334+03:00" testType="13cdc9d9-ddb5-4fa4-a97d-d965ccfc6d4b" outcome="Passed" testListId="8c84fa94-04c1-424b-9868-57a2d4851a1d" relativeResultsDirectory="11805801-3045-4d92-849b-7fa47a13ab5f" />
    <UnitTestResult executionId="fbe4475b-7359-47b0-902d-3970449a1ee3" testId="f98e7ea5-71e2-2d2b-ba0f-041137af2569" testName="CoreAlign.Application.Tests.Invoices.GenerateInvoiceFromOrderCommandHandlerTests.Generates_invoice_for_eligible_status(status: Closed)" computerName="ARGEX" duration="00:00:00.0119678" startTime="2026-06-02T15:22:43.5466733+03:00" endTime="2026-06-02T15:22:43.5466734+03:00" testType="13cdc9d9-ddb5-4fa4-a97d-d965ccfc6d4b" outcome="Passed" testListId="8c84fa94-04c1-424b-9868-57a2d4851a1d" relativeResultsDirectory="fbe4475b-7359-47b0-902d-3970449a1ee3" />
    <UnitTestResult executionId="1fff1b9e-ddc6-43d8-b1e2-7cb7cd87a5d5" testId="7c5ef813-5e3f-6a87-9aeb-0bee42e35579" testName="CoreAlign.Application.Tests.Documents.InvoiceDocumentModelMapperTests.Buyer_party_prefers_snapshot_over_customer_master_data" computerName="ARGEX" duration="00:00:00.0104978" startTime="2026-06-02T15:22:43.4580245+03:00" endTime="2026-06-02T15:22:43.4580246+03:00" testType="13cdc9d9-ddb5-4fa4-a97d-d965ccfc6d4b" outcome="Passed" testListId="8c84fa94-04c1-424b-9868-57a2d4851a1d" relativeResultsDirectory="1fff1b9e-ddc6-43d8-b1e2-7cb7cd87a5d5" />
    <UnitTestResult executionId="cb99611e-bfb4-4b51-8e08-aac9994a30b2" testId="5ee53fd6-57c5-e3fd-394d-f65cadbe6a83" testName="CoreAlign.Application.Tests.Tax.TaxDeclarationStateMachineTests.Generated_to_submitted_to_accepted_succeeds" computerName="ARGEX" duration="00:00:00.0009596" startTime="2026-06-02T15:22:43.5587162+03:00" endTime="2026-06-02T15:22:43.5587163+03:00" testType="13cdc9d9-ddb5-4fa4-a97d-d965ccfc6d4b" outcome="Passed" testListId="8c84fa94-04c1-424b-9868-57a2d4851a1d" relativeResultsDirectory="cb99611e-bfb4-4b51-8e08-aac9994a30b2" />
    <UnitTestResult executionId="70afdd50-0208-46b5-bd84-5aa7fd5f389f" testId="dec73920-5cf5-3d94-a875-d3df2dfec2ff" testName="CoreAlign.Application.Tests.Orders.OrderCancellationStockEffectTests.Cancelling_allocated_order_does_not_raise_restore_event" computerName="ARGEX" duration="00:00:00.0018406" startTime="2026-06-02T15:22:43.3442694+03:00" endTime="2026-06-02T15:22:43.3442694+03:00" testType="13cdc9d9-ddb5-4fa4-a97d-d965ccfc6d4b" outcome="Passed" testListId="8c84fa94-04c1-424b-9868-57a2d4851a1d" relativeResultsDirectory="70afdd50-0208-46b5-bd84-5aa7fd5f389f" />
    <UnitTestResult executionId="43253ff4-b2e6-489f-8e6a-d3b7975f43f6" testId="48d30d66-8724-7526-3b60-cfc9b5f2c12e" testName="CoreAlign.Application.Tests.CustomerPortal.PortalNotificationPreferencesHandlerTests.UpdatePreference_updates_existing_row" computerName="ARGEX" duration="00:00:00.0017323" startTime="2026-06-02T15:22:43.5829459+03:00" endTime="2026-06-02T15:22:43.5829460+03:00" testType="13cdc9d9-ddb5-4fa4-a97d-d965ccfc6d4b" outcome="Passed" testListId="8c84fa94-04c1-424b-9868-57a2d4851a1d" relativeResultsDirectory="43253ff4-b2e6-489f-8e6a-d3b7975f43f6" />
    <UnitTestResult executionId="040dd6f5-540a-43fb-b066-81502a9e3b65" testId="8b54ad8f-26bd-b43e-4d73-ca4fd34f779e" testName="CoreAlign.Application.Tests.Quotes.QuotePdfRenderTests.Renders_quote_pdf_with_pdf_magic_header" computerName="ARGEX" duration="00:00:00.1540492" startTime="2026-06-02T15:22:43.7584190+03:00" endTime="2026-06-02T15:22:43.7584194+03:00" testType="13cdc9d9-ddb5-4fa4-a97d-d965ccfc6d4b" outcome="Passed" testListId="8c84fa94-04c1-424b-9868-57a2d4851a1d" relativeResultsDirectory="040dd6f5-540a-43fb-b066-81502a9e3b65" />
    <UnitTestResult executionId="cee939f4-959e-489b-b690-40f171760fac" testId="0617dbcf-eb4c-e729-0439-549748fd0d71" testName="CoreAlign.Application.Tests.Purchasing.ApplyVendorPaymentHandlerTests.Apply_blocks_when_amount_exceeds_bill_due" computerName="ARGEX" duration="00:00:00.0019342" startTime="2026-06-02T15:22:43.4877523+03:00" endTime="2026-06-02T15:22:43.4877524+03:00" testType="13cdc9d9-ddb5-4fa4-a97d-d965ccfc6d4b" outcome="Passed" testListId="8c84fa94-04c1-424b-9868-57a2d4851a1d" relativeResultsDirectory="cee939f4-959e-489b-b690-40f171760fac" />
    <UnitTestResult executionId="e68240b9-11c0-4aca-abe2-d68626291875" testId="0bf8c053-c93d-50fc-4f5e-49d65eaa251d" testName="CoreAlign.Application.Tests.GlassEnclosure.CuttingOptimizer1DTests.Throws_when_cut_exceeds_stock_bar" computerName="ARGEX" duration="00:00:00.0046680" startTime="2026-06-02T15:22:43.3447232+03:00" endTime="2026-06-02T15:22:43.3447233+03:00" testType="13cdc9d9-ddb5-4fa4-a97d-d965ccfc6d4b" outcome="Passed" testListId="8c84fa94-04c1-424b-9868-57a2d4851a1d" relativeResultsDirectory="e68240b9-11c0-4aca-abe2-d68626291875" />
    <UnitTestResult executionId="1cc1d12f-18c2-46aa-a257-ecdf1ba06db3" testId="5821f580-5eab-59ca-f6e8-f0ac103d5a61" testName="CoreAlign.Application.Tests.Common.Audit.DefaultAuditFieldRedactorTests.Sensitive_token_match_is_case_insensitive(fieldName: &quot;TOKEN&quot;)" computerName="ARGEX" duration="00:00:00.0000058" startTime="2026-06-02T15:22:43.5016899+03:00" endTime="2026-06-02T15:22:43.5016900+03:00" testType="13cdc9d9-ddb5-4fa4-a97d-d965ccfc6d4b" outcome="Passed" testListId="8c84fa94-04c1-424b-9868-57a2d4851a1d" relativeResultsDirectory="1cc1d12f-18c2-46aa-a257-ecdf1ba06db3" />
    <UnitTestResult executionId="11ca91b2-5fc9-4c04-86ae-8d05144d8350" testId="1a789c6c-de7f-65d7-99db-9b4f5c32c6ed" testName="CoreAlign.Application.Tests.Purchasing.CancelVendorBillHandlerTests.Cancelling_partially_paid_bill_reverses_only_the_unpaid_amount" computerName="ARGEX" duration="00:00:00.0898842" startTime="2026-06-02T15:22:43.4120603+03:00" endTime="2026-06-02T15:22:43.4120604+03:00" testType="13cdc9d9-ddb5-4fa4-a97d-d965ccfc6d4b" outcome="Passed" testListId="8c84fa94-04c1-424b-9868-57a2d4851a1d" relativeResultsDirectory="11ca91b2-5fc9-4c04-86ae-8d05144d8350" />
    <UnitTestResult executionId="4aaf594a-93bd-4c9e-86bf-5c116db549e3" testId="cc767ced-e40e-1b48-d906-fed1b8f2dbb9" testName="CoreAlign.Application.Tests.Pricing.DiscountRuleTests.ApplyTo_caps_percent_at_subtotal" computerName="ARGEX" duration="00:00:00.0004313" startTime="2026-06-02T15:22:43.5014105+03:00" endTime="2026-06-02T15:22:43.5014106+03:00" testType="13cdc9d9-ddb5-4fa4-a97d-d965ccfc6d4b" outcome="Passed" testListId="8c84fa94-04c1-424b-9868-57a2d4851a1d" relativeResultsDirectory="4aaf594a-93bd-4c9e-86bf-5c116db549e3" />
    <UnitTestResult executionId="12d38c69-5f2a-4dc5-89f1-52b0c230f808" testId="a9ecba1d-4eb9-4218-0b7e-632edb46340d" testName="CoreAlign.Application.Tests.Products.ProductHandlerTests.Create_persists_and_returns_dto" computerName="ARGEX" duration="00:00:00.0393890" startTime="2026-06-02T15:22:43.6033245+03:00" endTime="2026-06-02T15:22:43.6033246+03:00" testType="13cdc9d9-ddb5-4fa4-a97d-d965ccfc6d4b" outcome="Passed" testListId="8c84fa94-04c1-424b-9868-57a2d4851a1d" relativeResultsDirectory="12d38c69-5f2a-4dc5-89f1-52b0c230f808" />
    <UnitTestResult executionId="b3a3b69d-178d-46ca-86b7-dafa138d6af0" testId="47091b2d-cb51-9934-f29f-324208f9ecfb" testName="CoreAlign.Application.Tests.Orders.UpdateOrderCommandHandlerTests.Confirming_with_unknown_order_throws_not_found" computerName="ARGEX" duration="00:00:00.0011669" startTime="2026-06-02T15:22:43.5211359+03:00" endTime="2026-06-02T15:22:43.5211360+03:00" testType="13cdc9d9-ddb5-4fa4-a97d-d965ccfc6d4b" outcome="Passed" testListId="8c84fa94-04c1-424b-9868-57a2d4851a1d" relativeResultsDirectory="b3a3b69d-178d-46ca-86b7-dafa138d6af0" />
    <UnitTestResult executionId="21b45c40-0f4c-4a87-8c35-a1660b7622be" testId="f57fa761-841e-2215-0f1e-64cc6ccaf701" testName="CoreAlign.Application.Tests.Tax.BuildBaBsForPeriodCommandHandlerTests.Idempotent_rerun_replaces_lines_on_existing_declaration" computerName="ARGEX" duration="00:00:00.0124750" startTime="2026-06-02T15:22:43.4389588+03:00" endTime="2026-06-02T15:22:43.4389592+03:00" testType="13cdc9d9-ddb5-4fa4-a97d-d965ccfc6d4b" outcome="Passed" testListId="8c84fa94-04c1-424b-9868-57a2d4851a1d" relativeResultsDirectory="21b45c40-0f4c-4a87-8c35-a1660b7622be" />
    <UnitTestResult executionId="ec0af770-ea6f-472c-854e-9921c3706761" testId="30893629-b130-0dd4-d888-d5ef363522b6" testName="CoreAlign.Application.Tests.B2B.OrderCommentPostedOutboxHandlerTests.Dealer_posted_comment_fans_out_to_active_customer_users" computerName="ARGEX" duration="00:00:00.0297460" startTime="2026-06-02T15:22:43.6022646+03:00" endTime="2026-06-02T15:22:43.6022647+03:00" testType="13cdc9d9-ddb5-4fa4-a97d-d965ccfc6d4b" outcome="Passed" testListId="8c84fa94-04c1-424b-9868-57a2d4851a1d" relativeResultsDirectory="ec0af770-ea6f-472c-854e-9921c3706761" />
    <UnitTestResult executionId="12e778da-f508-4aa0-b6ed-4de5f6900fd9" testId="747c0819-db10-a22c-de10-3e9149c2c131" testName="CoreAlign.Application.Tests.Common.TurkishTaxIdValidatorTests.IsValidTckn_returns_false_for_invalid_tckn(tckn: null)" computerName="ARGEX" duration="00:00:00.0000007" startTime="2026-06-02T15:22:43.3440546+03:00" endTime="2026-06-02T15:22:43.3440546+03:00" testType="13cdc9d9-ddb5-4fa4-a97d-d965ccfc6d4b" outcome="Passed" testListId="8c84fa94-04c1-424b-9868-57a2d4851a1d" relativeResultsDirectory="12e778da-f508-4aa0-b6ed-4de5f6900fd9" />
    <UnitTestResult executionId="22425ae0-917e-4061-87a1-5718cef09a9e" testId="bcc3e1c6-54c0-d0dc-c286-f9703f689030" testName="CoreAlign.Application.Tests.Common.Audit.DefaultAuditFieldRedactorTests.Password_field_is_masked" computerName="ARGEX" duration="00:00:00.0002413" startTime="2026-06-02T15:22:43.5023145+03:00" endTime="2026-06-02T15:22:43.5023146+03:00" testType="13cdc9d9-ddb5-4fa4-a97d-d965ccfc6d4b" outcome="Passed" testListId="8c84fa94-04c1-424b-9868-57a2d4851a1d" relativeResultsDirectory="22425ae0-917e-4061-87a1-5718cef09a9e" />
    <UnitTestResult executionId="d5cb0c65-13a8-48a6-bd69-3e011d7e53ac" testId="08c820b0-4afc-05e4-0e21-4614568e7220" testName="CoreAlign.Application.Tests.B2B.CustomerPortalHandlerTests.GetInvoiceById_returns_404_when_invoice_belongs_to_a_different_customer" computerName="ARGEX" duration="00:00:00.0031135" startTime="2026-06-02T15:22:43.5777630+03:00" endTime="2026-06-02T15:22:43.5777631+03:00" testType="13cdc9d9-ddb5-4fa4-a97d-d965ccfc6d4b" outcome="Passed" testListId="8c84fa94-04c1-424b-9868-57a2d4851a1d" relativeResultsDirectory="d5cb0c65-13a8-48a6-bd69-3e011d7e53ac" />
    <UnitTestResult executionId="b8a224b0-d949-4f30-8c3d-10fb35e74a81" testId="9f5e1d09-2615-eba6-5653-44bc7f42fc10" testName="CoreAlign.Application.Tests.Consents.WithdrawConsentHandlerTests.Withdraw_marks_existing_consent_as_withdrawn" computerName="ARGEX" duration="00:00:00.0015707" startTime="2026-06-02T15:22:43.3937505+03:00" endTime="2026-06-02T15:22:43.3937506+03:00" testType="13cdc9d9-ddb5-4fa4-a97d-d965ccfc6d4b" outcome="Passed" testListId="8c84fa94-04c1-424b-9868-57a2d4851a1d" relativeResultsDirectory="b8a224b0-d949-4f30-8c3d-10fb35e74a81" />
    <UnitTestResult executionId="8e7ea2c0-decf-40c0-95b4-22c8f0fc3003" testId="58c86212-cd5a-f396-2d0f-3c9756afa3c0" testName="CoreAlign.Application.Tests.Invoices.CreateStandaloneInvoiceCommandHandlerTests.Creates_invoice_without_order_with_lines" computerName="ARGEX" duration="00:00:00.0159377" startTime="2026-06-02T15:22:43.5044146+03:00" endTime="2026-06-02T15:22:43.5044147+03:00" testType="13cdc9d9-ddb5-4fa4-a97d-d965ccfc6d4b" outcome="Passed" testListId="8c84fa94-04c1-424b-9868-57a2d4851a1d" relativeResultsDirectory="8e7ea2c0-decf-40c0-95b4-22c8f0fc3003" />
    <UnitTestResult executionId="1d0db842-95c5-4e98-8c1f-2b1dbfe2863d" testId="92174a65-b113-674c-63bb-fbe41426d6e3" testName="CoreAlign.Application.Tests.B2B.DealerPortalCommentsHandlerTests.Post_creates_comment_and_enqueues_outbox_for_customer_fan_out" computerName="ARGEX" duration="00:00:00.0014842" startTime="2026-06-02T15:22:43.4603454+03:00" endTime="2026-06-02T15:22:43.4603455+03:00" testType="13cdc9d9-ddb5-4fa4-a97d-d965ccfc6d4b" outcome="Passed" testListId="8c84fa94-04c1-424b-9868-57a2d4851a1d" relativeResultsDirectory="1d0db842-95c5-4e98-8c1f-2b1dbfe2863d" />
    <UnitTestResult executionId="1783a1aa-6afe-46e6-bcfe-a50172292e23" testId="ffc7112d-4534-a221-13a3-d0ba09f32b4d" testName="CoreAlign.Application.Tests.Auth.TwoFactorChallengeHandlerTests.Expired_challenge_throws" computerName="ARGEX" duration="00:00:00.0025452" startTime="2026-06-02T15:22:43.5083528+03:00" endTime="2026-06-02T15:22:43.5083528+03:00" testType="13cdc9d9-ddb5-4fa4-a97d-d965ccfc6d4b" outcome="Passed" testListId="8c84fa94-04c1-424b-9868-57a2d4851a1d" relativeResultsDirectory="1783a1aa-6afe-46e6-bcfe-a50172292e23" />
    <UnitTestResult executionId="4c7d0d5b-aa24-42b3-8722-aac446c4816d" testId="0aee74cd-bdea-a4da-ac0c-1c286e3a68d0" testName="CoreAlign.Application.Tests.GlassEnclosure.Presets.PresetDefaultsTests.Balcony_defaults_match_snapshot" computerName="ARGEX" duration="00:00:00.0064799" startTime="2026-06-02T15:22:43.5553018+03:00" endTime="2026-06-02T15:22:43.5553019+03:00" testType="13cdc9d9-ddb5-4fa4-a97d-d965ccfc6d4b" outcome="Passed" testListId="8c84fa94-04c1-424b-9868-57a2d4851a1d" relativeResultsDirectory="4c7d0d5b-aa24-42b3-8722-aac446c4816d" />
    <UnitTestResult executionId="9392faac-33d0-4b3e-90f6-ee428faa2d2d" testId="b0a7ce33-5bd0-bcac-635f-3ed8a3595ac7" testName="CoreAlign.Application.Tests.Inventory.StockCountDomainTests.BeginCounting_requires_lines" computerName="ARGEX" duration="00:00:00.0004349" startTime="2026-06-02T15:22:43.6134168+03:00" endTime="2026-06-02T15:22:43.6134169+03:00" testType="13cdc9d9-ddb5-4fa4-a97d-d965ccfc6d4b" outcome="Passed" testListId="8c84fa94-04c1-424b-9868-57a2d4851a1d" relativeResultsDirectory="9392faac-33d0-4b3e-90f6-ee428faa2d2d" />
    <UnitTestResult executionId="72b76189-eb50-44e0-99a5-9283ed2c3005" testId="e90b54fa-5ddb-a25d-6f96-0960d6fca4fd" testName="CoreAlign.Application.Tests.Auth.StepUpMfaTests.StepUp_with_wrong_code_throws" computerName="ARGEX" duration="00:00:00.0066186" startTime="2026-06-02T15:22:43.5464876+03:00" endTime="2026-06-02T15:22:43.5464877+03:00" testType="13cdc9d9-ddb5-4fa4-a97d-d965ccfc6d4b" outcome="Passed" testListId="8c84fa94-04c1-424b-9868-57a2d4851a1d" relativeResultsDirectory="72b76189-eb50-44e0-99a5-9283ed2c3005" />
    <UnitTestResult executionId="a4ff7eaf-466a-40e4-8a13-5c7b513ee728" testId="b35df991-1283-7d4b-7a0e-6520aad3ef6c" testName="CoreAlign.Application.Tests.Returns.ReceiveReturnedItemsCommandHandlerTests.Receive_transitions_to_received_and_records_return_on_order_lines" computerName="ARGEX" duration="00:00:00.0013481" startTime="2026-06-02T15:22:43.5691671+03:00" endTime="2026-06-02T15:22:43.5691672+03:00" testType="13cdc9d9-ddb5-4fa4-a97d-d965ccfc6d4b" outcome="Passed" testListId="8c84fa94-04c1-424b-9868-57a2d4851a1d" relativeResultsDirectory="a4ff7eaf-466a-40e4-8a13-5c7b513ee728" />
[...]
    <TestEntry testId="a07dfb9b-e28e-0f71-9fc4-adf6cc7c6fff" executionId="5d1da63f-4847-4855-b059-ad0a5afac364" testListId="8c84fa94-04c1-424b-9868-57a2d4851a1d" />
    <TestEntry testId="83e7a7a6-fb23-38db-8aad-ffc96d939a9b" executionId="10e01460-f964-4ed3-9fd1-8219792d27db" testListId="8c84fa94-04c1-424b-9868-57a2d4851a1d" />
    <TestEntry testId="134a9a69-8a31-ee6c-6bba-bb423b5b2b79" executionId="58b6b48c-ee51-42df-b613-6b74daee637b" testListId="8c84fa94-04c1-424b-9868-57a2d4851a1d" />
    <TestEntry testId="9d06b3d9-c201-538b-d508-64060c96fb60" executionId="a6f3a9f7-b515-442f-a283-b1b06242033c" testListId="8c84fa94-04c1-424b-9868-57a2d4851a1d" />
    <TestEntry testId="04b67e1f-9a34-e85d-da03-ba03246b4756" executionId="faa1629d-b210-477a-b06a-6d67a4743145" testListId="8c84fa94-04c1-424b-9868-57a2d4851a1d" />
    <TestEntry testId="58d71001-7f8a-0c3f-ef6a-7517979ea8c9" executionId="05586dd8-03e2-473f-b620-dfd44068be7f" testListId="8c84fa94-04c1-424b-9868-57a2d4851a1d" />
    <TestEntry testId="59c49b26-5b11-7436-c3dc-40ef724d607d" executionId="0f06f2ca-1668-4153-9a1c-0e05b8a9e788" testListId="8c84fa94-04c1-424b-9868-57a2d4851a1d" />
    <TestEntry testId="4254d52a-9f44-b8ab-3fb7-80d3f75c4b91" executionId="8fe3d1ed-b948-4b11-ac53-123e2fc3647b" testListId="8c84fa94-04c1-424b-9868-57a2d4851a1d" />
    <TestEntry testId="a4a6e179-8ed6-f053-83ca-2775f992b0b5" executionId="31a37978-5f54-4349-a081-e6e0e449bd65" testListId="8c84fa94-04c1-424b-9868-57a2d4851a1d" />
    <TestEntry testId="9c06b096-4fe2-208d-1393-9fbf9dcade67" executionId="6312fc80-e586-43e2-9339-7310acb0c64e" testListId="8c84fa94-04c1-424b-9868-57a2d4851a1d" />
    <TestEntry testId="a744f9e4-5dcb-1e8c-0644-2b55fadb4aa9" executionId="600489da-87b2-431e-8f9e-7d787a3f1261" testListId="8c84fa94-04c1-424b-9868-57a2d4851a1d" />
    <TestEntry testId="0b4d3872-29b6-996e-e6de-6911133d9bd5" executionId="9084be81-3bdf-44be-909f-d1d0c75b76b7" testListId="8c84fa94-04c1-424b-9868-57a2d4851a1d" />
    <TestEntry testId="b72573c1-d152-f357-a729-273520b3f268" executionId="7aeb4977-4935-4241-aa2a-3c44c2bf59b0" testListId="8c84fa94-04c1-424b-9868-57a2d4851a1d" />
    <TestEntry testId="39259adc-5e1e-c5d3-360f-aee8b31a9472" executionId="43849c1a-59dd-499e-91c0-9d0ad8c78460" testListId="8c84fa94-04c1-424b-9868-57a2d4851a1d" />
    <TestEntry testId="b1fbf481-3254-17a3-52c5-f86dda506858" executionId="543c97be-4a6e-40f1-b731-fe6249da0b1e" testListId="8c84fa94-04c1-424b-9868-57a2d4851a1d" />
    <TestEntry testId="636f77bf-458f-7bb2-98a2-8683722341b5" executionId="b35b4106-7bb5-4853-b089-84b7dd11a047" testListId="8c84fa94-04c1-424b-9868-57a2d4851a1d" />
    <TestEntry testId="03db1c30-b0c7-1068-26c0-e6db7f72b850" executionId="9b30d47a-2bb3-4d6b-9afe-a7864c5f6b03" testListId="8c84fa94-04c1-424b-9868-57a2d4851a1d" />
    <TestEntry testId="b7aee205-b1d3-e755-9c5f-f83b83c48780" executionId="24c34818-394f-4e75-ad43-1ed88867c52a" testListId="8c84fa94-04c1-424b-9868-57a2d4851a1d" />
    <TestEntry testId="2ddb5c0b-2553-c64c-4faa-7a9aa1b2501d" executionId="58f89d33-7ef0-4ade-a9de-37c44c830265" testListId="8c84fa94-04c1-424b-9868-57a2d4851a1d" />
    <TestEntry testId="322bce31-0ded-a8e8-7c82-c78befd9c22d" executionId="98804c89-3c38-4ca2-8129-bb9b207be4a9" testListId="8c84fa94-04c1-424b-9868-57a2d4851a1d" />
    <TestEntry testId="efaf4f91-70cb-be53-9e9e-004cc8346beb" executionId="24a85509-1718-46dd-bb26-df4b4c9d6f14" testListId="8c84fa94-04c1-424b-9868-57a2d4851a1d" />
    <TestEntry testId="ffda867a-5d2e-5a5c-8eff-2111a153eaf0" executionId="403b79bc-7ea2-425e-a670-d50cd7d96d07" testListId="8c84fa94-04c1-424b-9868-57a2d4851a1d" />
    <TestEntry testId="befc87ed-76c2-ae68-a540-94a8cabe31f9" executionId="4c366558-fdc5-449d-b175-f68aca74e09e" testListId="8c84fa94-04c1-424b-9868-57a2d4851a1d" />
    <TestEntry testId="403c0e19-d84f-ab0c-3839-ab4439ad394b" executionId="69df0599-4cbb-4ff7-b84c-34197e1cb2bb" testListId="8c84fa94-04c1-424b-9868-57a2d4851a1d" />
    <TestEntry testId="e6a4d12f-a14d-0c02-6ff5-2e460bfbb545" executionId="e0df93ab-3cd4-4da7-abb5-d19d6a645a05" testListId="8c84fa94-04c1-424b-9868-57a2d4851a1d" />
    <TestEntry testId="1006aa4e-7cd2-908d-5ad7-b63219488f0c" executionId="149a8090-7a34-476a-af80-712c5b51c085" testListId="8c84fa94-04c1-424b-9868-57a2d4851a1d" />
    <TestEntry testId="36d419f4-4441-19e8-8375-41dbc0be07ce" executionId="dda73fab-2fbe-4d3d-b295-8fbf6b1c9966" testListId="8c84fa94-04c1-424b-9868-57a2d4851a1d" />
    <TestEntry testId="a9958421-b6fb-3288-8504-1400f3b2c05e" executionId="4e102c0d-ce70-4d5b-a5c3-2c9aec13a2dd" testListId="8c84fa94-04c1-424b-9868-57a2d4851a1d" />
    <TestEntry testId="d379bbea-fc8c-0885-3d29-63c33006ce11" executionId="1b8bc6bf-3efd-4cad-bdc6-d73426b800dd" testListId="8c84fa94-04c1-424b-9868-57a2d4851a1d" />
    <TestEntry testId="1dfb7c8d-f697-75cc-c12f-1aa37ad8a52f" executionId="05eb9fcc-c0d7-4063-9c85-79eae8350fcb" testListId="8c84fa94-04c1-424b-9868-57a2d4851a1d" />
    <TestEntry testId="d4349942-bca6-afda-b9c6-ed306edd88d1" executionId="7a068634-4319-4632-bc34-6271e0eb36e4" testListId="8c84fa94-04c1-424b-9868-57a2d4851a1d" />
    <TestEntry testId="e1adf938-8e38-d3e3-314f-9c7e9c2e66a4" executionId="5864ffd0-e7b3-4abe-b4ca-ec659768e3a4" testListId="8c84fa94-04c1-424b-9868-57a2d4851a1d" />
    <TestEntry testId="358dff7d-a046-8323-5fd6-0d1483ee9a42" executionId="1afe3bee-e1a5-47c0-8e0a-ae3e9b7998b6" testListId="8c84fa94-04c1-424b-9868-57a2d4851a1d" />
    <TestEntry testId="8451c8e3-2700-75d2-f4ea-cce7c97ea2df" executionId="7d7ea4c1-a79c-48ee-8caa-fc590f9ac174" testListId="8c84fa94-04c1-424b-9868-57a2d4851a1d" />
    <TestEntry testId="23a89017-443e-0e2a-8271-4b2e572508d0" executionId="75786562-e3cf-4b1b-ac01-e3d4ccfe4d67" testListId="8c84fa94-04c1-424b-9868-57a2d4851a1d" />
    <TestEntry testId="5756ab7b-c6a5-fb50-447d-d8f2f9e18fc1" executionId="7266dbe8-17d7-43a9-bed9-923fcd55050c" testListId="8c84fa94-04c1-424b-9868-57a2d4851a1d" />
    <TestEntry testId="e2157804-92bb-8373-15f4-f0dddab93e1c" executionId="df62754c-cc44-471c-9f22-6c5039d0f71a" testListId="8c84fa94-04c1-424b-9868-57a2d4851a1d" />
    <TestEntry testId="9a40cf3c-ccc4-f689-0b5c-01329c5d30d1" executionId="33ac750f-92b0-49f8-8425-10219b75fb9e" testListId="8c84fa94-04c1-424b-9868-57a2d4851a1d" />
    <TestEntry testId="888f256c-6db5-3aaa-773e-70a0de52b880" executionId="035a72f8-0e09-4044-99b4-49029b6c2757" testListId="8c84fa94-04c1-424b-9868-57a2d4851a1d" />
    <TestEntry testId="1f51efe7-913f-6730-2842-fd53fdca8ac7" executionId="525938c0-15b5-4ed4-bae3-e6872ec64423" testListId="8c84fa94-04c1-424b-9868-57a2d4851a1d" />
    <TestEntry testId="543335eb-332c-2f28-646f-aa49c1f49790" executionId="ce2e5d41-3039-4f38-b599-36378c4d7548" testListId="8c84fa94-04c1-424b-9868-57a2d4851a1d" />
    <TestEntry testId="9deed070-5d61-315b-6291-893550ec2cee" executionId="32795ed6-4ae5-4e21-bc8c-f6bfb1265efa" testListId="8c84fa94-04c1-424b-9868-57a2d4851a1d" />
    <TestEntry testId="1b062230-547b-18ef-3532-8cd4e8b4bf19" executionId="bcbde264-26cb-41f1-ac6a-2c26e40ad8f3" testListId="8c84fa94-04c1-424b-9868-57a2d4851a1d" />
    <TestEntry testId="175de026-ae87-95ee-bff6-af844a3bbf7e" executionId="82674097-cd11-4003-a7ab-20e584463e65" testListId="8c84fa94-04c1-424b-9868-57a2d4851a1d" />
    <TestEntry testId="860d2e3f-f027-3807-9c22-6367625cea3f" executionId="974a21a0-6b26-43e4-ab75-aa1d6913f0ab" testListId="8c84fa94-04c1-424b-9868-57a2d4851a1d" />
    <TestEntry testId="0609a14e-4c61-21bd-e742-e60d01d4bcfb" executionId="7fe0aa6e-4a86-4afc-b58a-7824b0b68912" testListId="8c84fa94-04c1-424b-9868-57a2d4851a1d" />
    <TestEntry testId="6787f171-9275-d453-2f3f-abfafd229a4d" executionId="1cd2deb0-d019-4d79-ac30-dae8db471f54" testListId="8c84fa94-04c1-424b-9868-57a2d4851a1d" />
    <TestEntry testId="d1e297b2-771f-088e-24a2-ca4317216443" executionId="ba8aa955-1aef-4eea-b34e-8925a0567599" testListId="8c84fa94-04c1-424b-9868-57a2d4851a1d" />
    <TestEntry testId="46a9dcdb-1322-3f8b-871c-7151f8106bad" executionId="5c2a33ac-b302-46cd-ada3-87e778ccbfdc" testListId="8c84fa94-04c1-424b-9868-57a2d4851a1d" />
    <TestEntry testId="a061d40e-2181-e2bf-5590-d56e494fc5a1" executionId="6bf02480-33e4-42ab-b0c6-cea256fbf9d4" testListId="8c84fa94-04c1-424b-9868-57a2d4851a1d" />
    <TestEntry testId="32b741e8-1e0b-e0d0-8653-1c05c6a42ebb" executionId="304771db-be62-40cd-b3b4-8e1992a6f58d" testListId="8c84fa94-04c1-424b-9868-57a2d4851a1d" />
    <TestEntry testId="1257de4a-800b-a26d-3e65-84dc27f80421" executionId="f05365f6-d453-4892-9a7f-e4cc9948c34a" testListId="8c84fa94-04c1-424b-9868-57a2d4851a1d" />
    <TestEntry testId="9708fba9-43cf-359c-b380-bdbab973d4f1" executionId="4749420f-b98b-4c8b-b6c7-cc00d6d14915" testListId="8c84fa94-04c1-424b-9868-57a2d4851a1d" />
    <TestEntry testId="757e0323-64fc-200d-1eaa-32c5f662e1a4" executionId="49b93cf3-e791-4034-a348-0534741def27" testListId="8c84fa94-04c1-424b-9868-57a2d4851a1d" />
    <TestEntry testId="be7f49c3-eccd-8c27-c3be-f1f39a346e6d" executionId="9f4f17e4-6a68-4f6d-ab0f-c6fc23c22051" testListId="8c84fa94-04c1-424b-9868-57a2d4851a1d" />
    <TestEntry testId="6da985ce-eadc-1a8c-dd87-fd1857186fa8" executionId="b50704ce-262a-4c9f-9528-744afc3382bd" testListId="8c84fa94-04c1-424b-9868-57a2d4851a1d" />
    <TestEntry testId="21a4d732-72dd-e4f5-e00e-0503deb81d89" executionId="c456a86c-eefb-43e5-927d-5db5d627bd7d" testListId="8c84fa94-04c1-424b-9868-57a2d4851a1d" />
    <TestEntry testId="190bc17f-c69f-e928-c582-d3c8c7ceb8dd" executionId="dd884c1f-4709-471f-af0b-c1fa80f41131" testListId="8c84fa94-04c1-424b-9868-57a2d4851a1d" />
    <TestEntry testId="5577198d-ce1b-23b4-6d2c-b6dffd6c1036" executionId="7038318a-1ddd-4106-998b-860b47868e42" testListId="8c84fa94-04c1-424b-9868-57a2d4851a1d" />
    <TestEntry testId="838dfdfe-6e1d-2f45-59a2-f5335cc3373e" executionId="22ede6d7-81ef-48a4-a698-dcfac9310f48" testListId="8c84fa94-04c1-424b-9868-57a2d4851a1d" />
    <TestEntry testId="82de3577-0694-4537-64a0-3fb3afed7582" executionId="f3beaf24-4844-410e-bb30-43e7a9178d6b" testListId="8c84fa94-04c1-424b-9868-57a2d4851a1d" />
    <TestEntry testId="e100bae1-ccff-38c3-ed82-5177bc6b2c3c" executionId="317754a9-b586-4849-aa2f-7b2919730c14" testListId="8c84fa94-04c1-424b-9868-57a2d4851a1d" />
    <TestEntry testId="13d3b62a-6e20-8314-204b-75a98898411d" executionId="cd358bfa-622c-4743-9f07-a07a6f7d7b3a" testListId="8c84fa94-04c1-424b-9868-57a2d4851a1d" />
    <TestEntry testId="b0056e34-bc6b-892a-81a2-3e78a9bfc0c7" executionId="6c4b06dc-af64-49dc-a60e-fe459859f507" testListId="8c84fa94-04c1-424b-9868-57a2d4851a1d" />
    <TestEntry testId="75f3c40d-79ac-2309-22e6-874c2928ed48" executionId="5c88c718-e777-4ee9-89e1-b93c4c3e15e8" testListId="8c84fa94-04c1-424b-9868-57a2d4851a1d" />
    <TestEntry testId="8ae4fea0-a4d5-3641-7f64-9211a2dd95f9" executionId="e9f7bb87-b579-4f91-9af5-46e6083be288" testListId="8c84fa94-04c1-424b-9868-57a2d4851a1d" />
    <TestEntry testId="9f072a40-f203-50c8-98de-4d3d3cafcadd" executionId="bacebdf6-4ca4-44ab-94e3-90e1543aaec1" testListId="8c84fa94-04c1-424b-9868-57a2d4851a1d" />
    <TestEntry testId="66cc66ab-2781-5e74-a123-6565c5a9661b" executionId="d0fdd995-f93e-4c02-948b-f5c61b66c131" testListId="8c84fa94-04c1-424b-9868-57a2d4851a1d" />
    <TestEntry testId="985241f4-49f3-6791-59c5-43fdc8183c39" executionId="a92b62a7-e3a5-45ab-8ad7-3209c913cca8" testListId="8c84fa94-04c1-424b-9868-57a2d4851a1d" />
    <TestEntry testId="bb8048be-b5de-199f-6975-ac4a5fda511f" executionId="b8c9acaa-3593-4622-bfc4-36c2a1cfadb9" testListId="8c84fa94-04c1-424b-9868-57a2d4851a1d" />
    <TestEntry testId="6f838aa7-5aae-7b79-371c-363bc034493d" executionId="415fee67-aa18-47a1-9c47-08fdd9a557b0" testListId="8c84fa94-04c1-424b-9868-57a2d4851a1d" />
    <TestEntry testId="45591f11-7951-29af-f15a-7a53676ad0d8" executionId="cf48554e-7113-4f8b-85aa-3561ef1d0c94" testListId="8c84fa94-04c1-424b-9868-57a2d4851a1d" />
    <TestEntry testId="08e453f5-188d-dbb4-7c6d-dd2fc8001526" executionId="8ff4ae1c-8220-4f89-a05e-f5d3ba7b63b0" testListId="8c84fa94-04c1-424b-9868-57a2d4851a1d" />
    <TestEntry testId="0473d2ec-5c54-809c-8786-0474e17a4625" executionId="b291637a-dcb1-4a58-a7a1-b9e8ba2e103b" testListId="8c84fa94-04c1-424b-9868-57a2d4851a1d" />
    <TestEntry testId="0e806215-ef1d-bcb8-5f6d-48cefc28cdb0" executionId="eab03286-c136-4f04-bf61-6a5104bf5ea8" testListId="8c84fa94-04c1-424b-9868-57a2d4851a1d" />
    <TestEntry testId="17ee3932-2c6a-bb6d-514d-97887ddca444" executionId="9a77ccd6-4bea-4e5a-a127-b782febc946d" testListId="8c84fa94-04c1-424b-9868-57a2d4851a1d" />
    <TestEntry testId="43a5441a-c72e-dae9-2748-f14b936ab7f7" executionId="d2c14228-4be0-4e9d-91f2-40f0bb69fd65" testListId="8c84fa94-04c1-424b-9868-57a2d4851a1d" />
    <TestEntry testId="03b4eace-ded5-1d52-119c-93d5915ba610" executionId="90aa5c11-dbcc-4b6c-8ab4-2c046dfdeff8" testListId="8c84fa94-04c1-424b-9868-57a2d4851a1d" />
    <TestEntry testId="cff72f4b-09be-21da-fdb8-ee02177451b0" executionId="f8ca7fe2-81be-4f7d-82fb-90f98362f48c" testListId="8c84fa94-04c1-424b-9868-57a2d4851a1d" />
    <TestEntry testId="08869586-44a5-c762-a9fc-13f4ccad8741" executionId="6932744b-902e-4c58-a5ce-a7414d3393fa" testListId="8c84fa94-04c1-424b-9868-57a2d4851a1d" />
    <TestEntry testId="aadd67b4-abc4-d15b-a468-34efa7125fc8" executionId="f57f81aa-c941-4a0e-b315-4903ec5e4822" testListId="8c84fa94-04c1-424b-9868-57a2d4851a1d" />
    <TestEntry testId="b40097c4-e27c-cd13-0f46-55db3a04a9e9" executionId="ed668ed2-9daa-41a1-832c-9373e410d7cf" testListId="8c84fa94-04c1-424b-9868-57a2d4851a1d" />
    <TestEntry testId="d9f5bb07-5a2d-ee6c-62da-ad2803e4a5d3" executionId="6f29c1e5-81cd-44d8-8d0b-5946cf5bf6f4" testListId="8c84fa94-04c1-424b-9868-57a2d4851a1d" />
    <TestEntry testId="b03f6a9a-2d50-762a-55e6-c17c050c10d9" executionId="b8313a93-0696-42a1-b87e-891c8394f296" testListId="8c84fa94-04c1-424b-9868-57a2d4851a1d" />
    <TestEntry testId="6fbe587f-7a19-ccef-bb8e-b98c119a8597" executionId="4a8407cf-851e-4cf5-84e8-8c533e5d6580" testListId="8c84fa94-04c1-424b-9868-57a2d4851a1d" />
    <TestEntry testId="ba3276f4-525c-074c-d4af-29f3cc84dc2a" executionId="8fcffc90-9bc8-4330-a8c5-98a46bda5888" testListId="8c84fa94-04c1-424b-9868-57a2d4851a1d" />
    <TestEntry testId="cdb1d4f1-b525-eef3-ae3d-f9fd951286f3" executionId="f373b0b5-36d7-4cc7-85dd-3ae15a7037d6" testListId="8c84fa94-04c1-424b-9868-57a2d4851a1d" />
    <TestEntry testId="f5ac1bbe-2b29-62d4-df58-78f08a7b29d5" executionId="89c11bfd-7505-4525-870a-3e1d8fa27267" testListId="8c84fa94-04c1-424b-9868-57a2d4851a1d" />
    <TestEntry testId="94a63d8b-94d7-660c-9057-1d44087fd313" executionId="1a0a70bf-8cec-4334-865a-3b274c6bb8a8" testListId="8c84fa94-04c1-424b-9868-57a2d4851a1d" />
    <TestEntry testId="0853a1b2-f0fe-77e0-f7aa-91a14129ea18" executionId="e057b6aa-c2c2-448c-8c68-3ca41a3c3512" testListId="8c84fa94-04c1-424b-9868-57a2d4851a1d" />
    <TestEntry testId="dc906482-f2ce-9af5-161e-68d2b1da8758" executionId="a185c6b7-a70d-4610-8838-09ce09bdb48f" testListId="8c84fa94-04c1-424b-9868-57a2d4851a1d" />
    <TestEntry testId="6fd5845c-dff4-af32-0c2c-b55e66c39f00" executionId="03c3af37-a8fe-4cd4-a4bb-6d073f4cc7be" testListId="8c84fa94-04c1-424b-9868-57a2d4851a1d" />
    <TestEntry testId="ed2bf20d-bde8-1e17-2461-703e708ee401" executionId="374093c9-ea5d-40cf-accb-e288eed58f08" testListId="8c84fa94-04c1-424b-9868-57a2d4851a1d" />
    <TestEntry testId="0e929821-5f3d-6762-637c-ceb5db56920a" executionId="848d80b9-bb22-402f-a861-939ad1f27b80" testListId="8c84fa94-04c1-424b-9868-57a2d4851a1d" />
    <TestEntry testId="74593545-12c5-7e0b-7216-e497bdb054ce" executionId="aaafae99-a0dc-4e09-ae5e-f507a25f0844" testListId="8c84fa94-04c1-424b-9868-57a2d4851a1d" />
    <TestEntry testId="33f635b6-08e7-81f2-7001-625c355e473b" executionId="43c3f306-ea44-4ec3-b60d-a646e47cd44d" testListId="8c84fa94-04c1-424b-9868-57a2d4851a1d" />
    <TestEntry testId="962ea06f-af7a-f8dd-c670-82595112f1d1" executionId="6e465626-cfbd-40e4-9516-da3069addd40" testListId="8c84fa94-04c1-424b-9868-57a2d4851a1d" />
    <TestEntry testId="81367f5e-0bd4-9dcc-3df6-626e579d545a" executionId="b5fa5a63-8a73-4a92-9c5f-84ec17a87510" testListId="8c84fa94-04c1-424b-9868-57a2d4851a1d" />
    <TestEntry testId="49299b54-dc6b-f841-30aa-2bb3760c9149" executionId="b66319b3-2f08-46e8-8c89-88ed9ce87ccd" testListId="8c84fa94-04c1-424b-9868-57a2d4851a1d" />
    <TestEntry testId="ac21f088-a2d3-f783-f4b9-0a5de508f13e" executionId="10d11178-8bfc-4569-897b-459170fc52bc" testListId="8c84fa94-04c1-424b-9868-57a2d4851a1d" />
    <TestEntry testId="112bfc68-6f1a-11fb-189e-867bc19ac477" executionId="4c5e20c2-3ecb-4747-89c4-78881c512c09" testListId="8c84fa94-04c1-424b-9868-57a2d4851a1d" />
    <TestEntry testId="7efd54a6-62d2-56ea-f7ab-c75508163131" executionId="6f011f0c-6bef-4c4b-9f1b-572983587217" testListId="8c84fa94-04c1-424b-9868-57a2d4851a1d" />
    <TestEntry testId="9d94cb16-6acf-1953-6277-dfadf2825561" executionId="3eabdfbc-145c-4343-ac7b-75be765b654c" testListId="8c84fa94-04c1-424b-9868-57a2d4851a1d" />
    <TestEntry testId="badf4e07-f32b-cffb-d0ca-37a050818144" executionId="eb627482-dec8-4b98-82f8-a2ba7ca5affe" testListId="8c84fa94-04c1-424b-9868-57a2d4851a1d" />
    <TestEntry testId="aa14c9ac-6fed-7bbc-95a3-c87adef72a68" executionId="a9cb16f1-105d-4511-9cb7-bde9ea22e1af" testListId="8c84fa94-04c1-424b-9868-57a2d4851a1d" />
    <TestEntry testId="01a140a4-d290-78a6-ec3e-8bbc5e538b01" executionId="e6c57eb6-0769-4dcc-9ec9-44514924bc6f" testListId="8c84fa94-04c1-424b-9868-57a2d4851a1d" />
    <TestEntry testId="3321b9d3-26fb-d2e2-9c68-d5b7bd2f229a" executionId="c20d9ff5-6e73-4c36-a6df-1e2215850119" testListId="8c84fa94-04c1-424b-9868-57a2d4851a1d" />
    <TestEntry testId="310051e6-afc4-263e-456b-ac5ea2c9aca7" executionId="b81058ff-efb5-470f-ad4f-2af19ddd5b88" testListId="8c84fa94-04c1-424b-9868-57a2d4851a1d" />
    <TestEntry testId="e835069c-a74a-4512-8acc-b12f8abbdd35" executionId="2144b180-4002-4a44-8d2a-d91b63123bae" testListId="8c84fa94-04c1-424b-9868-57a2d4851a1d" />
    <TestEntry testId="216740ba-9132-1035-c130-10133bf7b2ab" executionId="f9a1775c-6bca-4a3e-ac39-ecb8e4a89bf3" testListId="8c84fa94-04c1-424b-9868-57a2d4851a1d" />
    <TestEntry testId="a8f282da-18f9-f09e-23af-aebee394d58e" executionId="c687e3cd-8ce2-4cc6-9952-e26b12ab2d86" testListId="8c84fa94-04c1-424b-9868-57a2d4851a1d" />
    <TestEntry testId="c247ad85-0e46-3085-0944-f5bff855cc07" executionId="ee519a50-ce23-42aa-b660-36a2607c3c30" testListId="8c84fa94-04c1-424b-9868-57a2d4851a1d" />
    <TestEntry testId="951a8f45-e4b1-64b2-5933-51f9f5fff285" executionId="dccd6bd5-08ac-4f29-9442-c09981c58a05" testListId="8c84fa94-04c1-424b-9868-57a2d4851a1d" />
    <TestEntry testId="dae81659-3b47-c223-a85b-6187986b29bc" executionId="2f0735c4-4373-4358-8967-680d16eb615f" testListId="8c84fa94-04c1-424b-9868-57a2d4851a1d" />
    <TestEntry testId="35e2cb35-3720-65fd-0bb5-60cb50ae83c9" executionId="6d530736-db0a-4d6c-8bdb-200399dedc48" testListId="8c84fa94-04c1-424b-9868-57a2d4851a1d" />
  </TestEntries>
  <TestLists>
    <TestList name="Results Not in a List" id="8c84fa94-04c1-424b-9868-57a2d4851a1d" />
    <TestList name="All Loaded Results" id="19431567-8539-422a-85d7-44ee4e166bda" />
  </TestLists>
  <ResultSummary outcome="Completed">
    <Counters total="601" executed="601" passed="601" failed="0" error="0" timeout="0" aborted="0" inconclusive="0" passedButRunAborted="0" notRunnable="0" notExecuted="0" disconnected="0" warning="0" completed="0" inProgress="0" pending="0" />
    <Output>
      <StdOut>[xUnit.net 00:00:00.00] xUnit.net VSTest Adapter v2.8.2+699d445a1a (64-bit .NET 10.0.8)&#xD;
[xUnit.net 00:00:00.06]   Discovering: CoreAlign.Application.Tests&#xD;
[xUnit.net 00:00:00.11]   Discovered:  CoreAlign.Application.Tests&#xD;
[xUnit.net 00:00:00.11]   Starting:    CoreAlign.Application.Tests&#xD;
[xUnit.net 00:00:00.65]   Finished:    CoreAlign.Application.Tests&#xD;
</StdOut>
    </Output>
  </ResultSummary>
</TestRun>